Using pre-set license
Built from '2021.3/staging' branch; Version is '2021.3.15f1 (e8e88683f834) revision 15263878'; Using compiler version '192829333'; Build Type 'Release'
OS: 'Windows 10  (10.0.19044) 64bit Core' Language: 'en' Physical Memory: 32692 MB
BatchMode: 1, IsHumanControllingUs: 0, StartBugReporterOnCrash: 0, Is64bit: 1, IsPro: 1

COMMAND LINE ARGUMENTS:
C:\Program Files\Unity\Hub\Editor\2021.3.15f1\Editor\Unity.exe
-adb2
-batchMode
-noUpm
-name
AssetImportWorker2
-projectPath
C:/Users/theap/Desktop/Turn-Based VR/VR Turn-Based
-logFile
Logs/AssetImportWorker2.log
-srvPort
63461
Successfully changed project path to: C:/Users/theap/Desktop/Turn-Based VR/VR Turn-Based
C:/Users/theap/Desktop/Turn-Based VR/VR Turn-Based
[UnityMemory] Configuration Parameters - Can be set up in boot.config
    "memorysetup-bucket-allocator-granularity=16"
    "memorysetup-bucket-allocator-bucket-count=8"
    "memorysetup-bucket-allocator-block-size=33554432"
    "memorysetup-bucket-allocator-block-count=8"
    "memorysetup-main-allocator-block-size=16777216"
    "memorysetup-thread-allocator-block-size=16777216"
    "memorysetup-gfx-main-allocator-block-size=16777216"
    "memorysetup-gfx-thread-allocator-block-size=16777216"
    "memorysetup-cache-allocator-block-size=4194304"
    "memorysetup-typetree-allocator-block-size=2097152"
    "memorysetup-profiler-bucket-allocator-granularity=16"
    "memorysetup-profiler-bucket-allocator-bucket-count=8"
    "memorysetup-profiler-bucket-allocator-block-size=33554432"
    "memorysetup-profiler-bucket-allocator-block-count=8"
    "memorysetup-profiler-allocator-block-size=16777216"
    "memorysetup-profiler-editor-allocator-block-size=1048576"
    "memorysetup-temp-allocator-size-main=16777216"
    "memorysetup-job-temp-allocator-block-size=2097152"
    "memorysetup-job-temp-allocator-block-size-background=1048576"
    "memorysetup-job-temp-allocator-reduction-small-platforms=262144"
    "memorysetup-temp-allocator-size-background-worker=32768"
    "memorysetup-temp-allocator-size-job-worker=262144"
    "memorysetup-temp-allocator-size-preload-manager=33554432"
    "memorysetup-temp-allocator-size-nav-mesh-worker=65536"
    "memorysetup-temp-allocator-size-audio-worker=65536"
    "memorysetup-temp-allocator-size-cloud-worker=32768"
    "memorysetup-temp-allocator-size-gi-baking-worker=262144"
    "memorysetup-temp-allocator-size-gfx=262144"
Player connection [5924] Host "[IP] 10.0.0.15 [Port] 0 [Flags] 2 [Guid] 2531373796 [EditorId] 2531373796 [Version] 1048832 [Id] WindowsEditor(7,DESKTOP-I29GUHQ) [Debug] 1 [PackageName] WindowsEditor [ProjectName] Editor" joined multi-casting on [225.0.0.222:54997]...

Player connection [5924] Host "[IP] 10.0.0.15 [Port] 0 [Flags] 2 [Guid] 2531373796 [EditorId] 2531373796 [Version] 1048832 [Id] WindowsEditor(7,DESKTOP-I29GUHQ) [Debug] 1 [PackageName] WindowsEditor [ProjectName] Editor" joined alternative multi-casting on [225.0.0.222:34997]...

Refreshing native plugins compatible for Editor in 112.95 ms, found 6 plugins.
Preloading 1 native plugins for Editor in 0.65 ms.
Initialize engine version: 2021.3.15f1 (e8e88683f834)
[Subsystems] Discovering subsystems at path C:/Program Files/Unity/Hub/Editor/2021.3.15f1/Editor/Data/Resources/UnitySubsystems
[Subsystems] Discovering subsystems at path C:/Users/theap/Desktop/Turn-Based VR/VR Turn-Based/Assets
GfxDevice: creating device client; threaded=0; jobified=0
Direct3D:
    Version:  Direct3D 11.0 [level 11.1]
    Renderer: AMD Radeon RX 5700 XT (ID=0x731f)
    Vendor:   ATI
    VRAM:     8151 MB
    Driver:   31.0.12027.7000
Initialize mono
Mono path[0] = 'C:/Program Files/Unity/Hub/Editor/2021.3.15f1/Editor/Data/Managed'
Mono path[1] = 'C:/Program Files/Unity/Hub/Editor/2021.3.15f1/Editor/Data/MonoBleedingEdge/lib/mono/unityjit-win32'
Mono config path = 'C:/Program Files/Unity/Hub/Editor/2021.3.15f1/Editor/Data/MonoBleedingEdge/etc'
Using monoOptions --debugger-agent=transport=dt_socket,embedding=1,server=y,suspend=n,address=127.0.0.1:56500
Begin MonoManager ReloadAssembly
Registering precompiled unity dll's ...
Register platform support module: C:/Program Files/Unity/Hub/Editor/2021.3.15f1/Editor/Data/PlaybackEngines/AndroidPlayer/UnityEditor.Android.Extensions.dll
Register platform support module: C:/Program Files/Unity/Hub/Editor/2021.3.15f1/Editor/Data/PlaybackEngines/WindowsStandaloneSupport/UnityEditor.WindowsStandalone.Extensions.dll
Registered in 0.008602 seconds.
Native extension for WindowsStandalone target not found
Native extension for Android target not found
Refreshing native plugins compatible for Editor in 113.31 ms, found 6 plugins.
Preloading 1 native plugins for Editor in 0.25 ms.
Mono: successfully reloaded assembly
- Completed reload, in  0.627 seconds
Domain Reload Profiling:
	ReloadAssembly (628ms)
		BeginReloadAssembly (67ms)
			ExecutionOrderSort (0ms)
			DisableScriptedObjects (0ms)
			BackupInstance (0ms)
			ReleaseScriptingObjects (0ms)
			CreateAndSetChildDomain (1ms)
		EndReloadAssembly (452ms)
			LoadAssemblies (65ms)
			RebuildTransferFunctionScriptingTraits (0ms)
			SetupTypeCache (96ms)
			ReleaseScriptCaches (0ms)
			RebuildScriptCaches (24ms)
			SetupLoadedEditorAssemblies (287ms)
				LogAssemblyErrors (0ms)
				InitializePlatformSupportModulesInManaged (51ms)
				SetLoadedEditorAssemblies (0ms)
				RefreshPlugins (114ms)
				BeforeProcessingInitializeOnLoad (1ms)
				ProcessInitializeOnLoadAttributes (84ms)
				ProcessInitializeOnLoadMethodAttributes (37ms)
				AfterProcessingInitializeOnLoad (0ms)
				EditorAssembliesLoaded (0ms)
			ExecutionOrderSort2 (0ms)
			AwakeInstancesAfterBackupRestoration (0ms)
Platform modules already initialized, skipping
Registering precompiled user dll's ...
Registered in 0.009407 seconds.
Begin MonoManager ReloadAssembly
Symbol file LoadedFromMemory doesn't match image C:\Users\theap\Desktop\Turn-Based VR\VR Turn-Based\Library\PackageCache\com.unity.visualscripting@1.7.8\Editor\VisualScripting.Core\Dependencies\YamlDotNet\Unity.VisualScripting.YamlDotNet.dll
Symbol file LoadedFromMemory doesn't match image C:\Users\theap\Desktop\Turn-Based VR\VR Turn-Based\Library\PackageCache\com.unity.visualscripting@1.7.8\Editor\VisualScripting.Core\Dependencies\DotNetZip\Unity.VisualScripting.IonicZip.dll
Native extension for WindowsStandalone target not found
Native extension for Android target not found
Refreshing native plugins compatible for Editor in 116.34 ms, found 6 plugins.
Preloading 1 native plugins for Editor in 0.10 ms.
Package Manager log level set to [2]
System.Reflection.TargetInvocationException: Exception has been thrown by the target of an invocation. ---> System.NullReferenceException: Object reference not set to an instance of an object
  at Unity.XR.Oculus.OculusLoader.AssetPathToAbsolutePath (System.String assetPath) [0x00040] in C:\Users\theap\Desktop\Turn-Based VR\VR Turn-Based\Library\PackageCache\com.unity.xr.oculus@3.2.2\Runtime\OculusLoader.cs:296 
  at Unity.XR.Oculus.OculusLoader.EditorLoadOVRPlugin () [0x0007b] in C:\Users\theap\Desktop\Turn-Based VR\VR Turn-Based\Library\PackageCache\com.unity.xr.oculus@3.2.2\Runtime\OculusLoader.cs:281 
  at (wrapper managed-to-native) System.Reflection.RuntimeMethodInfo.InternalInvoke(System.Reflection.RuntimeMethodInfo,object,object[],System.Exception&)
  at System.Reflection.RuntimeMethodInfo.Invoke (System.Object obj, System.Reflection.BindingFlags invokeAttr, System.Reflection.Binder binder, System.Object[] parameters, System.Globalization.CultureInfo culture) [0x0006a] in <d6232873609549b8a045fa15811a5bd3>:0 
   --- End of inner exception stack trace ---
  at System.Reflection.RuntimeMethodInfo.Invoke (System.Object obj, System.Reflection.BindingFlags invokeAttr, System.Reflection.Binder binder, System.Object[] parameters, System.Globalization.CultureInfo culture) [0x00083] in <d6232873609549b8a045fa15811a5bd3>:0 
  at System.Reflection.MethodBase.Invoke (System.Object obj, System.Object[] parameters) [0x00000] in <d6232873609549b8a045fa15811a5bd3>:0 
  at UnityEditor.EditorAssemblies.ProcessInitializeOnLoadMethodAttributes () [0x000a5] in <63965ae56af7489797f355b7c1211ab2>:0 
UnityEngine.StackTraceUtility:ExtractStackTrace ()
UnityEngine.DebugLogHandler:LogFormat (UnityEngine.LogType,UnityEngine.Object,string,object[])
UnityEngine.Logger:Log (UnityEngine.LogType,object)
UnityEngine.Debug:LogError (object)
UnityEditor.EditorAssemblies:ProcessInitializeOnLoadMethodAttributes ()

Mono: successfully reloaded assembly
- Completed reload, in  1.471 seconds
Domain Reload Profiling:
	ReloadAssembly (1472ms)
		BeginReloadAssembly (205ms)
			ExecutionOrderSort (0ms)
			DisableScriptedObjects (5ms)
			BackupInstance (0ms)
			ReleaseScriptingObjects (0ms)
			CreateAndSetChildDomain (123ms)
		EndReloadAssembly (1176ms)
			LoadAssemblies (88ms)
			RebuildTransferFunctionScriptingTraits (0ms)
			SetupTypeCache (247ms)
			ReleaseScriptCaches (1ms)
			RebuildScriptCaches (56ms)
			SetupLoadedEditorAssemblies (742ms)
				LogAssemblyErrors (0ms)
				InitializePlatformSupportModulesInManaged (18ms)
				SetLoadedEditorAssemblies (0ms)
				RefreshPlugins (117ms)
				BeforeProcessingInitializeOnLoad (105ms)
				ProcessInitializeOnLoadAttributes (428ms)
				ProcessInitializeOnLoadMethodAttributes (63ms)
				AfterProcessingInitializeOnLoad (13ms)
				EditorAssembliesLoaded (0ms)
			ExecutionOrderSort2 (0ms)
			AwakeInstancesAfterBackupRestoration (5ms)
Platform modules already initialized, skipping
========================================================================
Worker process is ready to serve import requests
Launched and connected shader compiler UnityShaderCompiler.exe after 0.05 seconds
Refreshing native plugins compatible for Editor in 1.21 ms, found 6 plugins.
Preloading 1 native plugins for Editor in 0.11 ms.
Unloading 5581 Unused Serialized files (Serialized files now loaded: 0)
Unloading 49 unused Assets / (1.1 MB). Loaded Objects now: 6033.
Memory consumption went from 216.5 MB to 215.4 MB.
Total: 4.729300 ms (FindLiveObjects: 0.550100 ms CreateObjectMapping: 0.170100 ms MarkObjects: 3.521600 ms  DeleteObjects: 0.486500 ms)

AssetImportParameters requested are different than current active one (requested -> active):
  custom:video-decoder-ogg-theora: a1e56fd34408186e4bbccfd4996cb3dc -> 
  custom:container-muxer-webm: aa71ff27fc2769a1b78a27578f13a17b -> 
  custom:container-demuxer-webm: 4f35f7cbe854078d1ac9338744f61a02 -> 
  custom:video-encoder-webm-vp8: eb34c28f22e8b96e1ab97ce403110664 -> 
  custom:audio-encoder-webm-vorbis: bf7c407c2cedff20999df2af8eb42d56 -> 
  custom:framework-win-MediaFoundation: 216162199b28c13a410421893ffa2e32 -> 
  custom:container-demuxer-ogg: 62fdf1f143b41e24485cea50d1cbac27 -> 
  custom:video-decoder-webm-vp8: 9c59270c3fd7afecdb556c50c9e8de78 -> 
  custom:audio-decoder-ogg-vorbis: bf7c407c2cedff20999df2af8eb42d56 -> 
========================================================================
Received Import Request.
  Time since last request: 81543.760675 seconds.
  path: Assets/Prefabs/DeckCard Basic 1.prefab
  artifactKey: Guid(071813ab3e100614380fda6492afea7e) Importer(815301076,1909f56bfc062723c751e8b465ee728b)
Start importing Assets/Prefabs/DeckCard Basic 1.prefab using Guid(071813ab3e100614380fda6492afea7e) Importer(815301076,1909f56bfc062723c751e8b465ee728b)  -> (artifact id: '94463ca3787dadece48dce8c5449d2fd') in 0.135551 seconds 
========================================================================
Received Import Request.
  Time since last request: 2.283556 seconds.
  path: Assets/Prefabs/DeckCard Basic 2.prefab
  artifactKey: Guid(dd481f5b990f30146bf1cc90e5bb3cd0) Importer(815301076,1909f56bfc062723c751e8b465ee728b)
Start importing Assets/Prefabs/DeckCard Basic 2.prefab using Guid(dd481f5b990f30146bf1cc90e5bb3cd0) Importer(815301076,1909f56bfc062723c751e8b465ee728b)  -> (artifact id: '92eb5ecb522d8f5d9b014a4bfbafcac7') in 0.025215 seconds 
========================================================================
Received Import Request.
  Time since last request: 0.784828 seconds.
  path: Assets/Prefabs/DeckCard Basic 3.prefab
  artifactKey: Guid(b5e9b8ded86d2a74b8da97e50d377108) Importer(815301076,1909f56bfc062723c751e8b465ee728b)
Start importing Assets/Prefabs/DeckCard Basic 3.prefab using Guid(b5e9b8ded86d2a74b8da97e50d377108) Importer(815301076,1909f56bfc062723c751e8b465ee728b)  -> (artifact id: '32f4b3a50f354ef37e25d409c5c3ec3c') in 0.024629 seconds 
========================================================================
Received Import Request.
  Time since last request: 0.540704 seconds.
  path: Assets/Prefabs/DeckCard Basic 4.prefab
  artifactKey: Guid(561e990c2b221084da7b26ac2a06c888) Importer(815301076,1909f56bfc062723c751e8b465ee728b)
Start importing Assets/Prefabs/DeckCard Basic 4.prefab using Guid(561e990c2b221084da7b26ac2a06c888) Importer(815301076,1909f56bfc062723c751e8b465ee728b)  -> (artifact id: 'ee5b8a7e868a77aec8e444f09d99a299') in 0.023653 seconds 
========================================================================
Received Import Request.
  Time since last request: 0.546039 seconds.
  path: Assets/Prefabs/DeckCard Basic 5.prefab
  artifactKey: Guid(b4c740218db3fa54f92d5e1a03fd0364) Importer(815301076,1909f56bfc062723c751e8b465ee728b)
Start importing Assets/Prefabs/DeckCard Basic 5.prefab using Guid(b4c740218db3fa54f92d5e1a03fd0364) Importer(815301076,1909f56bfc062723c751e8b465ee728b)  -> (artifact id: 'ebc7efac299c2ef3da34289fd65f8650') in 0.023197 seconds 
========================================================================
Received Import Request.
  Time since last request: 126.441978 seconds.
  path: Assets/Prefabs/DeckCard_1.prefab
  artifactKey: Guid(4be33add1b2a8ef469d40cd4752ef085) Importer(815301076,1909f56bfc062723c751e8b465ee728b)
Start importing Assets/Prefabs/DeckCard_1.prefab using Guid(4be33add1b2a8ef469d40cd4752ef085) Importer(815301076,1909f56bfc062723c751e8b465ee728b)  -> (artifact id: '439d3e4ff9b626e3fe3e6899b0bd7113') in 0.021185 seconds 
========================================================================
Received Import Request.
  Time since last request: 14.197066 seconds.
  path: Assets/Prefabs/DeckCard_1.prefab
  artifactKey: Guid(4be33add1b2a8ef469d40cd4752ef085) Importer(815301076,1909f56bfc062723c751e8b465ee728b)
Start importing Assets/Prefabs/DeckCard_1.prefab using Guid(4be33add1b2a8ef469d40cd4752ef085) Importer(815301076,1909f56bfc062723c751e8b465ee728b)  -> (artifact id: 'b30ad38d7fff407a508ecb01b04edf25') in 0.015373 seconds 
========================================================================
Received Import Request.
  Time since last request: 147.077911 seconds.
  path: Assets/PrefabSpawner.cs
  artifactKey: Guid(b4532f06a2b1aff44953e5fab7165089) Importer(815301076,1909f56bfc062723c751e8b465ee728b)
Start importing Assets/PrefabSpawner.cs using Guid(b4532f06a2b1aff44953e5fab7165089) Importer(815301076,1909f56bfc062723c751e8b465ee728b)  -> (artifact id: 'c041ff9c538d5c1d97e84be3f9c8e0d5') in 0.010791 seconds 
========================================================================
Received Prepare
Registering precompiled user dll's ...
Registered in 0.010524 seconds.
Begin MonoManager ReloadAssembly
Symbol file LoadedFromMemory doesn't match image C:\Users\theap\Desktop\Turn-Based VR\VR Turn-Based\Library\PackageCache\com.unity.visualscripting@1.7.8\Editor\VisualScripting.Core\Dependencies\YamlDotNet\Unity.VisualScripting.YamlDotNet.dll
Symbol file LoadedFromMemory doesn't match image C:\Users\theap\Desktop\Turn-Based VR\VR Turn-Based\Library\PackageCache\com.unity.visualscripting@1.7.8\Editor\VisualScripting.Core\Dependencies\DotNetZip\Unity.VisualScripting.IonicZip.dll
Native extension for WindowsStandalone target not found
Native extension for Android target not found
Refreshing native plugins compatible for Editor in 1.23 ms, found 6 plugins.
Preloading 1 native plugins for Editor in 0.11 ms.
System.Reflection.TargetInvocationException: Exception has been thrown by the target of an invocation. ---> System.NullReferenceException: Object reference not set to an instance of an object
  at Unity.XR.Oculus.OculusLoader.AssetPathToAbsolutePath (System.String assetPath) [0x00040] in C:\Users\theap\Desktop\Turn-Based VR\VR Turn-Based\Library\PackageCache\com.unity.xr.oculus@3.2.2\Runtime\OculusLoader.cs:296 
  at Unity.XR.Oculus.OculusLoader.EditorLoadOVRPlugin () [0x0007b] in C:\Users\theap\Desktop\Turn-Based VR\VR Turn-Based\Library\PackageCache\com.unity.xr.oculus@3.2.2\Runtime\OculusLoader.cs:281 
  at (wrapper managed-to-native) System.Reflection.RuntimeMethodInfo.InternalInvoke(System.Reflection.RuntimeMethodInfo,object,object[],System.Exception&)
  at System.Reflection.RuntimeMethodInfo.Invoke (System.Object obj, System.Reflection.BindingFlags invokeAttr, System.Reflection.Binder binder, System.Object[] parameters, System.Globalization.CultureInfo culture) [0x0006a] in <d6232873609549b8a045fa15811a5bd3>:0 
   --- End of inner exception stack trace ---
  at System.Reflection.RuntimeMethodInfo.Invoke (System.Object obj, System.Reflection.BindingFlags invokeAttr, System.Reflection.Binder binder, System.Object[] parameters, System.Globalization.CultureInfo culture) [0x00083] in <d6232873609549b8a045fa15811a5bd3>:0 
  at System.Reflection.MethodBase.Invoke (System.Object obj, System.Object[] parameters) [0x00000] in <d6232873609549b8a045fa15811a5bd3>:0 
  at UnityEditor.EditorAssemblies.ProcessInitializeOnLoadMethodAttributes () [0x000a5] in <63965ae56af7489797f355b7c1211ab2>:0 
UnityEngine.StackTraceUtility:ExtractStackTrace ()
UnityEngine.DebugLogHandler:LogFormat (UnityEngine.LogType,UnityEngine.Object,string,object[])
UnityEngine.Logger:Log (UnityEngine.LogType,object)
UnityEngine.Debug:LogError (object)
UnityEditor.EditorAssemblies:ProcessInitializeOnLoadMethodAttributes ()

Mono: successfully reloaded assembly
- Completed reload, in  1.152 seconds
Domain Reload Profiling:
	ReloadAssembly (1153ms)
		BeginReloadAssembly (132ms)
			ExecutionOrderSort (0ms)
			DisableScriptedObjects (4ms)
			BackupInstance (0ms)
			ReleaseScriptingObjects (0ms)
			CreateAndSetChildDomain (42ms)
		EndReloadAssembly (928ms)
			LoadAssemblies (80ms)
			RebuildTransferFunctionScriptingTraits (0ms)
			SetupTypeCache (235ms)
			ReleaseScriptCaches (2ms)
			RebuildScriptCaches (37ms)
			SetupLoadedEditorAssemblies (531ms)
				LogAssemblyErrors (0ms)
				InitializePlatformSupportModulesInManaged (19ms)
				SetLoadedEditorAssemblies (0ms)
				RefreshPlugins (1ms)
				BeforeProcessingInitializeOnLoad (78ms)
				ProcessInitializeOnLoadAttributes (364ms)
				ProcessInitializeOnLoadMethodAttributes (59ms)
				AfterProcessingInitializeOnLoad (10ms)
				EditorAssembliesLoaded (0ms)
			ExecutionOrderSort2 (0ms)
			AwakeInstancesAfterBackupRestoration (6ms)
Platform modules already initialized, skipping
Refreshing native plugins compatible for Editor in 3.02 ms, found 6 plugins.
Preloading 1 native plugins for Editor in 0.08 ms.
Unloading 5502 Unused Serialized files (Serialized files now loaded: 0)
Unloading 39 unused Assets / (1.1 MB). Loaded Objects now: 6047.
Memory consumption went from 225.4 MB to 224.3 MB.
Total: 4.849500 ms (FindLiveObjects: 0.497000 ms CreateObjectMapping: 0.143900 ms MarkObjects: 3.671400 ms  DeleteObjects: 0.535900 ms)

AssetImportParameters requested are different than current active one (requested -> active):
  custom:video-decoder-ogg-theora: a1e56fd34408186e4bbccfd4996cb3dc -> 
  custom:container-muxer-webm: aa71ff27fc2769a1b78a27578f13a17b -> 
  custom:container-demuxer-webm: 4f35f7cbe854078d1ac9338744f61a02 -> 
  custom:video-encoder-webm-vp8: eb34c28f22e8b96e1ab97ce403110664 -> 
  custom:audio-encoder-webm-vorbis: bf7c407c2cedff20999df2af8eb42d56 -> 
  custom:framework-win-MediaFoundation: 216162199b28c13a410421893ffa2e32 -> 
  custom:container-demuxer-ogg: 62fdf1f143b41e24485cea50d1cbac27 -> 
  custom:video-decoder-webm-vp8: 9c59270c3fd7afecdb556c50c9e8de78 -> 
  custom:audio-decoder-ogg-vorbis: bf7c407c2cedff20999df2af8eb42d56 -> 
========================================================================
Received Import Request.
  Time since last request: 17.363973 seconds.
  path: Assets/Scripts
  artifactKey: Guid(3c996c23fadf7d64f8c44ffd6269dfc7) Importer(815301076,1909f56bfc062723c751e8b465ee728b)
Start importing Assets/Scripts using Guid(3c996c23fadf7d64f8c44ffd6269dfc7) Importer(815301076,1909f56bfc062723c751e8b465ee728b)  -> (artifact id: '2c0f18be6ddcb477fdc1ab7c1d3e6cf4') in 0.016124 seconds 
========================================================================
Received Prepare
Registering precompiled user dll's ...
Registered in 0.008427 seconds.
Begin MonoManager ReloadAssembly
Symbol file LoadedFromMemory doesn't match image C:\Users\theap\Desktop\Turn-Based VR\VR Turn-Based\Library\PackageCache\com.unity.visualscripting@1.7.8\Editor\VisualScripting.Core\Dependencies\YamlDotNet\Unity.VisualScripting.YamlDotNet.dll
Symbol file LoadedFromMemory doesn't match image C:\Users\theap\Desktop\Turn-Based VR\VR Turn-Based\Library\PackageCache\com.unity.visualscripting@1.7.8\Editor\VisualScripting.Core\Dependencies\DotNetZip\Unity.VisualScripting.IonicZip.dll
Native extension for WindowsStandalone target not found
Native extension for Android target not found
Refreshing native plugins compatible for Editor in 1.20 ms, found 6 plugins.
Preloading 1 native plugins for Editor in 0.16 ms.
System.Reflection.TargetInvocationException: Exception has been thrown by the target of an invocation. ---> System.NullReferenceException: Object reference not set to an instance of an object
  at Unity.XR.Oculus.OculusLoader.AssetPathToAbsolutePath (System.String assetPath) [0x00040] in C:\Users\theap\Desktop\Turn-Based VR\VR Turn-Based\Library\PackageCache\com.unity.xr.oculus@3.2.2\Runtime\OculusLoader.cs:296 
  at Unity.XR.Oculus.OculusLoader.EditorLoadOVRPlugin () [0x0007b] in C:\Users\theap\Desktop\Turn-Based VR\VR Turn-Based\Library\PackageCache\com.unity.xr.oculus@3.2.2\Runtime\OculusLoader.cs:281 
  at (wrapper managed-to-native) System.Reflection.RuntimeMethodInfo.InternalInvoke(System.Reflection.RuntimeMethodInfo,object,object[],System.Exception&)
  at System.Reflection.RuntimeMethodInfo.Invoke (System.Object obj, System.Reflection.BindingFlags invokeAttr, System.Reflection.Binder binder, System.Object[] parameters, System.Globalization.CultureInfo culture) [0x0006a] in <d6232873609549b8a045fa15811a5bd3>:0 
   --- End of inner exception stack trace ---
  at System.Reflection.RuntimeMethodInfo.Invoke (System.Object obj, System.Reflection.BindingFlags invokeAttr, System.Reflection.Binder binder, System.Object[] parameters, System.Globalization.CultureInfo culture) [0x00083] in <d6232873609549b8a045fa15811a5bd3>:0 
  at System.Reflection.MethodBase.Invoke (System.Object obj, System.Object[] parameters) [0x00000] in <d6232873609549b8a045fa15811a5bd3>:0 
  at UnityEditor.EditorAssemblies.ProcessInitializeOnLoadMethodAttributes () [0x000a5] in <63965ae56af7489797f355b7c1211ab2>:0 
UnityEngine.StackTraceUtility:ExtractStackTrace ()
UnityEngine.DebugLogHandler:LogFormat (UnityEngine.LogType,UnityEngine.Object,string,object[])
UnityEngine.Logger:Log (UnityEngine.LogType,object)
UnityEngine.Debug:LogError (object)
UnityEditor.EditorAssemblies:ProcessInitializeOnLoadMethodAttributes ()

Mono: successfully reloaded assembly
- Completed reload, in  1.181 seconds
Domain Reload Profiling:
	ReloadAssembly (1182ms)
		BeginReloadAssembly (130ms)
			ExecutionOrderSort (0ms)
			DisableScriptedObjects (5ms)
			BackupInstance (0ms)
			ReleaseScriptingObjects (0ms)
			CreateAndSetChildDomain (40ms)
		EndReloadAssembly (957ms)
			LoadAssemblies (83ms)
			RebuildTransferFunctionScriptingTraits (0ms)
			SetupTypeCache (236ms)
			ReleaseScriptCaches (2ms)
			RebuildScriptCaches (37ms)
			SetupLoadedEditorAssemblies (560ms)
				LogAssemblyErrors (0ms)
				InitializePlatformSupportModulesInManaged (18ms)
				SetLoadedEditorAssemblies (0ms)
				RefreshPlugins (1ms)
				BeforeProcessingInitializeOnLoad (85ms)
				ProcessInitializeOnLoadAttributes (381ms)
				ProcessInitializeOnLoadMethodAttributes (61ms)
				AfterProcessingInitializeOnLoad (12ms)
				EditorAssembliesLoaded (0ms)
			ExecutionOrderSort2 (0ms)
			AwakeInstancesAfterBackupRestoration (5ms)
Platform modules already initialized, skipping
Refreshing native plugins compatible for Editor in 3.05 ms, found 6 plugins.
Preloading 1 native plugins for Editor in 0.08 ms.
Unloading 5502 Unused Serialized files (Serialized files now loaded: 0)
Unloading 39 unused Assets / (1.1 MB). Loaded Objects now: 6051.
Memory consumption went from 225.5 MB to 224.4 MB.
Total: 4.761100 ms (FindLiveObjects: 0.523700 ms CreateObjectMapping: 0.135400 ms MarkObjects: 3.555500 ms  DeleteObjects: 0.545300 ms)

AssetImportParameters requested are different than current active one (requested -> active):
  custom:video-decoder-ogg-theora: a1e56fd34408186e4bbccfd4996cb3dc -> 
  custom:container-muxer-webm: aa71ff27fc2769a1b78a27578f13a17b -> 
  custom:container-demuxer-webm: 4f35f7cbe854078d1ac9338744f61a02 -> 
  custom:video-encoder-webm-vp8: eb34c28f22e8b96e1ab97ce403110664 -> 
  custom:audio-encoder-webm-vorbis: bf7c407c2cedff20999df2af8eb42d56 -> 
  custom:framework-win-MediaFoundation: 216162199b28c13a410421893ffa2e32 -> 
  custom:container-demuxer-ogg: 62fdf1f143b41e24485cea50d1cbac27 -> 
  custom:video-decoder-webm-vp8: 9c59270c3fd7afecdb556c50c9e8de78 -> 
  custom:audio-decoder-ogg-vorbis: bf7c407c2cedff20999df2af8eb42d56 -> 
========================================================================
Received Import Request.
  Time since last request: 21.402872 seconds.
  path: Assets/Scripts/PrefabSpawner.cs
  artifactKey: Guid(b4532f06a2b1aff44953e5fab7165089) Importer(815301076,1909f56bfc062723c751e8b465ee728b)
Start importing Assets/Scripts/PrefabSpawner.cs using Guid(b4532f06a2b1aff44953e5fab7165089) Importer(815301076,1909f56bfc062723c751e8b465ee728b)  -> (artifact id: '248cc8442468e1755e4489e843f6aa30') in 0.033304 seconds 
========================================================================
Received Prepare
Registering precompiled user dll's ...
Registered in 0.008656 seconds.
Begin MonoManager ReloadAssembly
Symbol file LoadedFromMemory doesn't match image C:\Users\theap\Desktop\Turn-Based VR\VR Turn-Based\Library\PackageCache\com.unity.visualscripting@1.7.8\Editor\VisualScripting.Core\Dependencies\YamlDotNet\Unity.VisualScripting.YamlDotNet.dll
Symbol file LoadedFromMemory doesn't match image C:\Users\theap\Desktop\Turn-Based VR\VR Turn-Based\Library\PackageCache\com.unity.visualscripting@1.7.8\Editor\VisualScripting.Core\Dependencies\DotNetZip\Unity.VisualScripting.IonicZip.dll
Native extension for WindowsStandalone target not found
Native extension for Android target not found
Refreshing native plugins compatible for Editor in 1.26 ms, found 6 plugins.
Preloading 1 native plugins for Editor in 0.18 ms.
System.Reflection.TargetInvocationException: Exception has been thrown by the target of an invocation. ---> System.NullReferenceException: Object reference not set to an instance of an object
  at Unity.XR.Oculus.OculusLoader.AssetPathToAbsolutePath (System.String assetPath) [0x00040] in C:\Users\theap\Desktop\Turn-Based VR\VR Turn-Based\Library\PackageCache\com.unity.xr.oculus@3.2.2\Runtime\OculusLoader.cs:296 
  at Unity.XR.Oculus.OculusLoader.EditorLoadOVRPlugin () [0x0007b] in C:\Users\theap\Desktop\Turn-Based VR\VR Turn-Based\Library\PackageCache\com.unity.xr.oculus@3.2.2\Runtime\OculusLoader.cs:281 
  at (wrapper managed-to-native) System.Reflection.RuntimeMethodInfo.InternalInvoke(System.Reflection.RuntimeMethodInfo,object,object[],System.Exception&)
  at System.Reflection.RuntimeMethodInfo.Invoke (System.Object obj, System.Reflection.BindingFlags invokeAttr, System.Reflection.Binder binder, System.Object[] parameters, System.Globalization.CultureInfo culture) [0x0006a] in <d6232873609549b8a045fa15811a5bd3>:0 
   --- End of inner exception stack trace ---
  at System.Reflection.RuntimeMethodInfo.Invoke (System.Object obj, System.Reflection.BindingFlags invokeAttr, System.Reflection.Binder binder, System.Object[] parameters, System.Globalization.CultureInfo culture) [0x00083] in <d6232873609549b8a045fa15811a5bd3>:0 
  at System.Reflection.MethodBase.Invoke (System.Object obj, System.Object[] parameters) [0x00000] in <d6232873609549b8a045fa15811a5bd3>:0 
  at UnityEditor.EditorAssemblies.ProcessInitializeOnLoadMethodAttributes () [0x000a5] in <63965ae56af7489797f355b7c1211ab2>:0 
UnityEngine.StackTraceUtility:ExtractStackTrace ()
UnityEngine.DebugLogHandler:LogFormat (UnityEngine.LogType,UnityEngine.Object,string,object[])
UnityEngine.Logger:Log (UnityEngine.LogType,object)
UnityEngine.Debug:LogError (object)
UnityEditor.EditorAssemblies:ProcessInitializeOnLoadMethodAttributes ()

Mono: successfully reloaded assembly
- Completed reload, in  1.244 seconds
Domain Reload Profiling:
	ReloadAssembly (1244ms)
		BeginReloadAssembly (141ms)
			ExecutionOrderSort (0ms)
			DisableScriptedObjects (4ms)
			BackupInstance (0ms)
			ReleaseScriptingObjects (0ms)
			CreateAndSetChildDomain (45ms)
		EndReloadAssembly (1003ms)
			LoadAssemblies (100ms)
			RebuildTransferFunctionScriptingTraits (0ms)
			SetupTypeCache (256ms)
			ReleaseScriptCaches (2ms)
			RebuildScriptCaches (41ms)
			SetupLoadedEditorAssemblies (561ms)
				LogAssemblyErrors (0ms)
				InitializePlatformSupportModulesInManaged (20ms)
				SetLoadedEditorAssemblies (0ms)
				RefreshPlugins (2ms)
				BeforeProcessingInitializeOnLoad (85ms)
				ProcessInitializeOnLoadAttributes (379ms)
				ProcessInitializeOnLoadMethodAttributes (65ms)
				AfterProcessingInitializeOnLoad (9ms)
				EditorAssembliesLoaded (0ms)
			ExecutionOrderSort2 (0ms)
			AwakeInstancesAfterBackupRestoration (5ms)
Platform modules already initialized, skipping
Refreshing native plugins compatible for Editor in 3.16 ms, found 6 plugins.
Preloading 1 native plugins for Editor in 0.09 ms.
Unloading 5502 Unused Serialized files (Serialized files now loaded: 0)
Unloading 39 unused Assets / (1.1 MB). Loaded Objects now: 6055.
Memory consumption went from 225.5 MB to 224.4 MB.
Total: 5.195800 ms (FindLiveObjects: 0.502400 ms CreateObjectMapping: 0.378300 ms MarkObjects: 3.760900 ms  DeleteObjects: 0.552900 ms)

AssetImportParameters requested are different than current active one (requested -> active):
  custom:video-decoder-ogg-theora: a1e56fd34408186e4bbccfd4996cb3dc -> 
  custom:container-muxer-webm: aa71ff27fc2769a1b78a27578f13a17b -> 
  custom:container-demuxer-webm: 4f35f7cbe854078d1ac9338744f61a02 -> 
  custom:video-encoder-webm-vp8: eb34c28f22e8b96e1ab97ce403110664 -> 
  custom:audio-encoder-webm-vorbis: bf7c407c2cedff20999df2af8eb42d56 -> 
  custom:framework-win-MediaFoundation: 216162199b28c13a410421893ffa2e32 -> 
  custom:container-demuxer-ogg: 62fdf1f143b41e24485cea50d1cbac27 -> 
  custom:video-decoder-webm-vp8: 9c59270c3fd7afecdb556c50c9e8de78 -> 
  custom:audio-decoder-ogg-vorbis: bf7c407c2cedff20999df2af8eb42d56 -> 
========================================================================
Received Prepare
Registering precompiled user dll's ...
Registered in 0.012091 seconds.
Begin MonoManager ReloadAssembly
Symbol file LoadedFromMemory doesn't match image C:\Users\theap\Desktop\Turn-Based VR\VR Turn-Based\Library\PackageCache\com.unity.visualscripting@1.7.8\Editor\VisualScripting.Core\Dependencies\YamlDotNet\Unity.VisualScripting.YamlDotNet.dll
Symbol file LoadedFromMemory doesn't match image C:\Users\theap\Desktop\Turn-Based VR\VR Turn-Based\Library\PackageCache\com.unity.visualscripting@1.7.8\Editor\VisualScripting.Core\Dependencies\DotNetZip\Unity.VisualScripting.IonicZip.dll
Native extension for WindowsStandalone target not found
Native extension for Android target not found
Refreshing native plugins compatible for Editor in 0.96 ms, found 6 plugins.
Preloading 1 native plugins for Editor in 0.14 ms.
System.Reflection.TargetInvocationException: Exception has been thrown by the target of an invocation. ---> System.NullReferenceException: Object reference not set to an instance of an object
  at Unity.XR.Oculus.OculusLoader.AssetPathToAbsolutePath (System.String assetPath) [0x00040] in C:\Users\theap\Desktop\Turn-Based VR\VR Turn-Based\Library\PackageCache\com.unity.xr.oculus@3.2.2\Runtime\OculusLoader.cs:296 
  at Unity.XR.Oculus.OculusLoader.EditorLoadOVRPlugin () [0x0007b] in C:\Users\theap\Desktop\Turn-Based VR\VR Turn-Based\Library\PackageCache\com.unity.xr.oculus@3.2.2\Runtime\OculusLoader.cs:281 
  at (wrapper managed-to-native) System.Reflection.RuntimeMethodInfo.InternalInvoke(System.Reflection.RuntimeMethodInfo,object,object[],System.Exception&)
  at System.Reflection.RuntimeMethodInfo.Invoke (System.Object obj, System.Reflection.BindingFlags invokeAttr, System.Reflection.Binder binder, System.Object[] parameters, System.Globalization.CultureInfo culture) [0x0006a] in <d6232873609549b8a045fa15811a5bd3>:0 
   --- End of inner exception stack trace ---
  at System.Reflection.RuntimeMethodInfo.Invoke (System.Object obj, System.Reflection.BindingFlags invokeAttr, System.Reflection.Binder binder, System.Object[] parameters, System.Globalization.CultureInfo culture) [0x00083] in <d6232873609549b8a045fa15811a5bd3>:0 
  at System.Reflection.MethodBase.Invoke (System.Object obj, System.Object[] parameters) [0x00000] in <d6232873609549b8a045fa15811a5bd3>:0 
  at UnityEditor.EditorAssemblies.ProcessInitializeOnLoadMethodAttributes () [0x000a5] in <63965ae56af7489797f355b7c1211ab2>:0 
UnityEngine.StackTraceUtility:ExtractStackTrace ()
UnityEngine.DebugLogHandler:LogFormat (UnityEngine.LogType,UnityEngine.Object,string,object[])
UnityEngine.Logger:Log (UnityEngine.LogType,object)
UnityEngine.Debug:LogError (object)
UnityEditor.EditorAssemblies:ProcessInitializeOnLoadMethodAttributes ()

Mono: successfully reloaded assembly
- Completed reload, in  1.176 seconds
Domain Reload Profiling:
	ReloadAssembly (1177ms)
		BeginReloadAssembly (131ms)
			ExecutionOrderSort (0ms)
			DisableScriptedObjects (4ms)
			BackupInstance (0ms)
			ReleaseScriptingObjects (0ms)
			CreateAndSetChildDomain (40ms)
		EndReloadAssembly (950ms)
			LoadAssemblies (94ms)
			RebuildTransferFunctionScriptingTraits (0ms)
			SetupTypeCache (235ms)
			ReleaseScriptCaches (2ms)
			RebuildScriptCaches (37ms)
			SetupLoadedEditorAssemblies (546ms)
				LogAssemblyErrors (0ms)
				InitializePlatformSupportModulesInManaged (18ms)
				SetLoadedEditorAssemblies (0ms)
				RefreshPlugins (1ms)
				BeforeProcessingInitializeOnLoad (83ms)
				ProcessInitializeOnLoadAttributes (373ms)
				ProcessInitializeOnLoadMethodAttributes (59ms)
				AfterProcessingInitializeOnLoad (10ms)
				EditorAssembliesLoaded (0ms)
			ExecutionOrderSort2 (0ms)
			AwakeInstancesAfterBackupRestoration (5ms)
Platform modules already initialized, skipping
Refreshing native plugins compatible for Editor in 3.12 ms, found 6 plugins.
Preloading 1 native plugins for Editor in 0.09 ms.
Unloading 5502 Unused Serialized files (Serialized files now loaded: 0)
Unloading 39 unused Assets / (1.1 MB). Loaded Objects now: 6059.
Memory consumption went from 225.5 MB to 224.4 MB.
Total: 4.943700 ms (FindLiveObjects: 0.475800 ms CreateObjectMapping: 0.145000 ms MarkObjects: 3.726500 ms  DeleteObjects: 0.595200 ms)

AssetImportParameters requested are different than current active one (requested -> active):
  custom:video-decoder-ogg-theora: a1e56fd34408186e4bbccfd4996cb3dc -> 
  custom:container-muxer-webm: aa71ff27fc2769a1b78a27578f13a17b -> 
  custom:container-demuxer-webm: 4f35f7cbe854078d1ac9338744f61a02 -> 
  custom:video-encoder-webm-vp8: eb34c28f22e8b96e1ab97ce403110664 -> 
  custom:audio-encoder-webm-vorbis: bf7c407c2cedff20999df2af8eb42d56 -> 
  custom:framework-win-MediaFoundation: 216162199b28c13a410421893ffa2e32 -> 
  custom:container-demuxer-ogg: 62fdf1f143b41e24485cea50d1cbac27 -> 
  custom:video-decoder-webm-vp8: 9c59270c3fd7afecdb556c50c9e8de78 -> 
  custom:audio-decoder-ogg-vorbis: bf7c407c2cedff20999df2af8eb42d56 -> 
========================================================================
Received Import Request.
  Time since last request: 14.781157 seconds.
  path: Assets/Scripts/PrefabSpawner.cs
  artifactKey: Guid(b4532f06a2b1aff44953e5fab7165089) Importer(815301076,1909f56bfc062723c751e8b465ee728b)
Start importing Assets/Scripts/PrefabSpawner.cs using Guid(b4532f06a2b1aff44953e5fab7165089) Importer(815301076,1909f56bfc062723c751e8b465ee728b)  -> (artifact id: '454932acb73a017b35ef7d336683fa86') in 0.010401 seconds 
========================================================================
Received Prepare
Registering precompiled user dll's ...
Registered in 0.008309 seconds.
Begin MonoManager ReloadAssembly
Symbol file LoadedFromMemory doesn't match image C:\Users\theap\Desktop\Turn-Based VR\VR Turn-Based\Library\PackageCache\com.unity.visualscripting@1.7.8\Editor\VisualScripting.Core\Dependencies\YamlDotNet\Unity.VisualScripting.YamlDotNet.dll
Symbol file LoadedFromMemory doesn't match image C:\Users\theap\Desktop\Turn-Based VR\VR Turn-Based\Library\PackageCache\com.unity.visualscripting@1.7.8\Editor\VisualScripting.Core\Dependencies\DotNetZip\Unity.VisualScripting.IonicZip.dll
Native extension for WindowsStandalone target not found
Native extension for Android target not found
Refreshing native plugins compatible for Editor in 0.98 ms, found 6 plugins.
Preloading 1 native plugins for Editor in 0.09 ms.
System.Reflection.TargetInvocationException: Exception has been thrown by the target of an invocation. ---> System.NullReferenceException: Object reference not set to an instance of an object
  at Unity.XR.Oculus.OculusLoader.AssetPathToAbsolutePath (System.String assetPath) [0x00040] in C:\Users\theap\Desktop\Turn-Based VR\VR Turn-Based\Library\PackageCache\com.unity.xr.oculus@3.2.2\Runtime\OculusLoader.cs:296 
  at Unity.XR.Oculus.OculusLoader.EditorLoadOVRPlugin () [0x0007b] in C:\Users\theap\Desktop\Turn-Based VR\VR Turn-Based\Library\PackageCache\com.unity.xr.oculus@3.2.2\Runtime\OculusLoader.cs:281 
  at (wrapper managed-to-native) System.Reflection.RuntimeMethodInfo.InternalInvoke(System.Reflection.RuntimeMethodInfo,object,object[],System.Exception&)
  at System.Reflection.RuntimeMethodInfo.Invoke (System.Object obj, System.Reflection.BindingFlags invokeAttr, System.Reflection.Binder binder, System.Object[] parameters, System.Globalization.CultureInfo culture) [0x0006a] in <d6232873609549b8a045fa15811a5bd3>:0 
   --- End of inner exception stack trace ---
  at System.Reflection.RuntimeMethodInfo.Invoke (System.Object obj, System.Reflection.BindingFlags invokeAttr, System.Reflection.Binder binder, System.Object[] parameters, System.Globalization.CultureInfo culture) [0x00083] in <d6232873609549b8a045fa15811a5bd3>:0 
  at System.Reflection.MethodBase.Invoke (System.Object obj, System.Object[] parameters) [0x00000] in <d6232873609549b8a045fa15811a5bd3>:0 
  at UnityEditor.EditorAssemblies.ProcessInitializeOnLoadMethodAttributes () [0x000a5] in <63965ae56af7489797f355b7c1211ab2>:0 
UnityEngine.StackTraceUtility:ExtractStackTrace ()
UnityEngine.DebugLogHandler:LogFormat (UnityEngine.LogType,UnityEngine.Object,string,object[])
UnityEngine.Logger:Log (UnityEngine.LogType,object)
UnityEngine.Debug:LogError (object)
UnityEditor.EditorAssemblies:ProcessInitializeOnLoadMethodAttributes ()

Mono: successfully reloaded assembly
- Completed reload, in  1.193 seconds
Domain Reload Profiling:
	ReloadAssembly (1194ms)
		BeginReloadAssembly (139ms)
			ExecutionOrderSort (0ms)
			DisableScriptedObjects (4ms)
			BackupInstance (0ms)
			ReleaseScriptingObjects (0ms)
			CreateAndSetChildDomain (39ms)
		EndReloadAssembly (959ms)
			LoadAssemblies (95ms)
			RebuildTransferFunctionScriptingTraits (0ms)
			SetupTypeCache (236ms)
			ReleaseScriptCaches (2ms)
			RebuildScriptCaches (38ms)
			SetupLoadedEditorAssemblies (555ms)
				LogAssemblyErrors (0ms)
				InitializePlatformSupportModulesInManaged (19ms)
				SetLoadedEditorAssemblies (0ms)
				RefreshPlugins (1ms)
				BeforeProcessingInitializeOnLoad (82ms)
				ProcessInitializeOnLoadAttributes (380ms)
				ProcessInitializeOnLoadMethodAttributes (62ms)
				AfterProcessingInitializeOnLoad (11ms)
				EditorAssembliesLoaded (0ms)
			ExecutionOrderSort2 (0ms)
			AwakeInstancesAfterBackupRestoration (5ms)
Platform modules already initialized, skipping
Refreshing native plugins compatible for Editor in 3.06 ms, found 6 plugins.
Preloading 1 native plugins for Editor in 0.08 ms.
Unloading 5502 Unused Serialized files (Serialized files now loaded: 0)
Unloading 39 unused Assets / (1.1 MB). Loaded Objects now: 6063.
Memory consumption went from 225.5 MB to 224.4 MB.
Total: 5.168900 ms (FindLiveObjects: 0.519600 ms CreateObjectMapping: 0.129200 ms MarkObjects: 3.936000 ms  DeleteObjects: 0.583200 ms)

AssetImportParameters requested are different than current active one (requested -> active):
  custom:video-decoder-ogg-theora: a1e56fd34408186e4bbccfd4996cb3dc -> 
  custom:container-muxer-webm: aa71ff27fc2769a1b78a27578f13a17b -> 
  custom:container-demuxer-webm: 4f35f7cbe854078d1ac9338744f61a02 -> 
  custom:video-encoder-webm-vp8: eb34c28f22e8b96e1ab97ce403110664 -> 
  custom:audio-encoder-webm-vorbis: bf7c407c2cedff20999df2af8eb42d56 -> 
  custom:framework-win-MediaFoundation: 216162199b28c13a410421893ffa2e32 -> 
  custom:container-demuxer-ogg: 62fdf1f143b41e24485cea50d1cbac27 -> 
  custom:video-decoder-webm-vp8: 9c59270c3fd7afecdb556c50c9e8de78 -> 
  custom:audio-decoder-ogg-vorbis: bf7c407c2cedff20999df2af8eb42d56 -> 
========================================================================
Received Prepare
Registering precompiled user dll's ...
Registered in 0.008469 seconds.
Begin MonoManager ReloadAssembly
Symbol file LoadedFromMemory doesn't match image C:\Users\theap\Desktop\Turn-Based VR\VR Turn-Based\Library\PackageCache\com.unity.visualscripting@1.7.8\Editor\VisualScripting.Core\Dependencies\YamlDotNet\Unity.VisualScripting.YamlDotNet.dll
Symbol file LoadedFromMemory doesn't match image C:\Users\theap\Desktop\Turn-Based VR\VR Turn-Based\Library\PackageCache\com.unity.visualscripting@1.7.8\Editor\VisualScripting.Core\Dependencies\DotNetZip\Unity.VisualScripting.IonicZip.dll
Native extension for WindowsStandalone target not found
Native extension for Android target not found
Refreshing native plugins compatible for Editor in 1.17 ms, found 6 plugins.
Preloading 1 native plugins for Editor in 0.10 ms.
System.Reflection.TargetInvocationException: Exception has been thrown by the target of an invocation. ---> System.NullReferenceException: Object reference not set to an instance of an object
  at Unity.XR.Oculus.OculusLoader.AssetPathToAbsolutePath (System.String assetPath) [0x00040] in C:\Users\theap\Desktop\Turn-Based VR\VR Turn-Based\Library\PackageCache\com.unity.xr.oculus@3.2.2\Runtime\OculusLoader.cs:296 
  at Unity.XR.Oculus.OculusLoader.EditorLoadOVRPlugin () [0x0007b] in C:\Users\theap\Desktop\Turn-Based VR\VR Turn-Based\Library\PackageCache\com.unity.xr.oculus@3.2.2\Runtime\OculusLoader.cs:281 
  at (wrapper managed-to-native) System.Reflection.RuntimeMethodInfo.InternalInvoke(System.Reflection.RuntimeMethodInfo,object,object[],System.Exception&)
  at System.Reflection.RuntimeMethodInfo.Invoke (System.Object obj, System.Reflection.BindingFlags invokeAttr, System.Reflection.Binder binder, System.Object[] parameters, System.Globalization.CultureInfo culture) [0x0006a] in <d6232873609549b8a045fa15811a5bd3>:0 
   --- End of inner exception stack trace ---
  at System.Reflection.RuntimeMethodInfo.Invoke (System.Object obj, System.Reflection.BindingFlags invokeAttr, System.Reflection.Binder binder, System.Object[] parameters, System.Globalization.CultureInfo culture) [0x00083] in <d6232873609549b8a045fa15811a5bd3>:0 
  at System.Reflection.MethodBase.Invoke (System.Object obj, System.Object[] parameters) [0x00000] in <d6232873609549b8a045fa15811a5bd3>:0 
  at UnityEditor.EditorAssemblies.ProcessInitializeOnLoadMethodAttributes () [0x000a5] in <63965ae56af7489797f355b7c1211ab2>:0 
UnityEngine.StackTraceUtility:ExtractStackTrace ()
UnityEngine.DebugLogHandler:LogFormat (UnityEngine.LogType,UnityEngine.Object,string,object[])
UnityEngine.Logger:Log (UnityEngine.LogType,object)
UnityEngine.Debug:LogError (object)
UnityEditor.EditorAssemblies:ProcessInitializeOnLoadMethodAttributes ()

Mono: successfully reloaded assembly
- Completed reload, in  1.176 seconds
Domain Reload Profiling:
	ReloadAssembly (1177ms)
		BeginReloadAssembly (126ms)
			ExecutionOrderSort (0ms)
			DisableScriptedObjects (5ms)
			BackupInstance (0ms)
			ReleaseScriptingObjects (0ms)
			CreateAndSetChildDomain (38ms)
		EndReloadAssembly (954ms)
			LoadAssemblies (90ms)
			RebuildTransferFunctionScriptingTraits (0ms)
			SetupTypeCache (236ms)
			ReleaseScriptCaches (2ms)
			RebuildScriptCaches (38ms)
			SetupLoadedEditorAssemblies (549ms)
				LogAssemblyErrors (0ms)
				InitializePlatformSupportModulesInManaged (19ms)
				SetLoadedEditorAssemblies (0ms)
				RefreshPlugins (1ms)
				BeforeProcessingInitializeOnLoad (80ms)
				ProcessInitializeOnLoadAttributes (378ms)
				ProcessInitializeOnLoadMethodAttributes (61ms)
				AfterProcessingInitializeOnLoad (9ms)
				EditorAssembliesLoaded (0ms)
			ExecutionOrderSort2 (0ms)
			AwakeInstancesAfterBackupRestoration (4ms)
Platform modules already initialized, skipping
Refreshing native plugins compatible for Editor in 2.88 ms, found 6 plugins.
Preloading 1 native plugins for Editor in 0.09 ms.
Unloading 5502 Unused Serialized files (Serialized files now loaded: 0)
Unloading 39 unused Assets / (1.1 MB). Loaded Objects now: 6067.
Memory consumption went from 225.4 MB to 224.3 MB.
Total: 4.945700 ms (FindLiveObjects: 0.525600 ms CreateObjectMapping: 0.130800 ms MarkObjects: 3.725100 ms  DeleteObjects: 0.563300 ms)

AssetImportParameters requested are different than current active one (requested -> active):
  custom:video-decoder-ogg-theora: a1e56fd34408186e4bbccfd4996cb3dc -> 
  custom:container-muxer-webm: aa71ff27fc2769a1b78a27578f13a17b -> 
  custom:container-demuxer-webm: 4f35f7cbe854078d1ac9338744f61a02 -> 
  custom:video-encoder-webm-vp8: eb34c28f22e8b96e1ab97ce403110664 -> 
  custom:audio-encoder-webm-vorbis: bf7c407c2cedff20999df2af8eb42d56 -> 
  custom:framework-win-MediaFoundation: 216162199b28c13a410421893ffa2e32 -> 
  custom:container-demuxer-ogg: 62fdf1f143b41e24485cea50d1cbac27 -> 
  custom:video-decoder-webm-vp8: 9c59270c3fd7afecdb556c50c9e8de78 -> 
  custom:audio-decoder-ogg-vorbis: bf7c407c2cedff20999df2af8eb42d56 -> 
========================================================================
Received Import Request.
  Time since last request: 362.749455 seconds.
  path: Assets/Plugins
  artifactKey: Guid(1a0a6716d9e7ce54f8d62f455c939c08) Importer(815301076,1909f56bfc062723c751e8b465ee728b)
Start importing Assets/Plugins using Guid(1a0a6716d9e7ce54f8d62f455c939c08) Importer(815301076,1909f56bfc062723c751e8b465ee728b)  -> (artifact id: '2bb592d5937389cf8d97f94cd248a079') in 0.015074 seconds 
========================================================================
Received Import Request.
  Time since last request: 11.935030 seconds.
  path: Assets/Prefabs/DeckCard_1.prefab
  artifactKey: Guid(4be33add1b2a8ef469d40cd4752ef085) Importer(815301076,1909f56bfc062723c751e8b465ee728b)
Start importing Assets/Prefabs/DeckCard_1.prefab using Guid(4be33add1b2a8ef469d40cd4752ef085) Importer(815301076,1909f56bfc062723c751e8b465ee728b)  -> (artifact id: '8c61b0f1d6969156f888ed13f6450cd3') in 0.049546 seconds 
========================================================================
Received Import Request.
  Time since last request: 1.479813 seconds.
  path: Assets/Prefabs/DeckCard_1 1.prefab
  artifactKey: Guid(4e0eacde345d1d7499d4258fbc2d89c3) Importer(815301076,1909f56bfc062723c751e8b465ee728b)
Start importing Assets/Prefabs/DeckCard_1 1.prefab using Guid(4e0eacde345d1d7499d4258fbc2d89c3) Importer(815301076,1909f56bfc062723c751e8b465ee728b)  -> (artifact id: '7f8e8260a267cb4b56105797b7e8480a') in 0.013546 seconds 
========================================================================
Received Import Request.
  Time since last request: 0.795663 seconds.
  path: Assets/Prefabs/DeckCard_1 2.prefab
  artifactKey: Guid(83b79bae4dc36f340a8a5be0dca2a82f) Importer(815301076,1909f56bfc062723c751e8b465ee728b)
Start importing Assets/Prefabs/DeckCard_1 2.prefab using Guid(83b79bae4dc36f340a8a5be0dca2a82f) Importer(815301076,1909f56bfc062723c751e8b465ee728b)  -> (artifact id: '88429ff03008d4e5e96903c566dd8146') in 0.012758 seconds 
========================================================================
Received Import Request.
  Time since last request: 0.724322 seconds.
  path: Assets/Prefabs/DeckCard_1 3.prefab
  artifactKey: Guid(b130e0c49d9ea204b8ea712c351b5519) Importer(815301076,1909f56bfc062723c751e8b465ee728b)
Start importing Assets/Prefabs/DeckCard_1 3.prefab using Guid(b130e0c49d9ea204b8ea712c351b5519) Importer(815301076,1909f56bfc062723c751e8b465ee728b)  -> (artifact id: '2ef24dd14b7d636145beb9ca98ccf80a') in 0.012598 seconds 
========================================================================
Received Import Request.
  Time since last request: 1.302263 seconds.
  path: Assets/Prefabs/DeckCard_1 4.prefab
  artifactKey: Guid(946e91c108ca6f740896cb33811fc5b9) Importer(815301076,1909f56bfc062723c751e8b465ee728b)
Start importing Assets/Prefabs/DeckCard_1 4.prefab using Guid(946e91c108ca6f740896cb33811fc5b9) Importer(815301076,1909f56bfc062723c751e8b465ee728b)  -> (artifact id: '8846361a29c29cbf5734a3968e6b5840') in 0.013508 seconds 
========================================================================
Received Import Request.
  Time since last request: 2.042549 seconds.
  path: Assets/Prefabs/DeckCard_1 5.prefab
  artifactKey: Guid(dfeb89f8bc2ba834ab900b70edd347c9) Importer(815301076,1909f56bfc062723c751e8b465ee728b)
Start importing Assets/Prefabs/DeckCard_1 5.prefab using Guid(dfeb89f8bc2ba834ab900b70edd347c9) Importer(815301076,1909f56bfc062723c751e8b465ee728b)  -> (artifact id: 'b67a6f731e4d2c85ea8806420e836965') in 0.013040 seconds 
========================================================================
Received Import Request.
  Time since last request: 16.224804 seconds.
  path: Assets/Prefabs/DeckCard_2.prefab
  artifactKey: Guid(4e0eacde345d1d7499d4258fbc2d89c3) Importer(815301076,1909f56bfc062723c751e8b465ee728b)
Start importing Assets/Prefabs/DeckCard_2.prefab using Guid(4e0eacde345d1d7499d4258fbc2d89c3) Importer(815301076,1909f56bfc062723c751e8b465ee728b)  -> (artifact id: 'ced0701a1d5b614099b1257d3f1d3444') in 0.012909 seconds 
========================================================================
Received Import Request.
  Time since last request: 9.520066 seconds.
  path: Assets/Prefabs/DeckCard_3.prefab
  artifactKey: Guid(83b79bae4dc36f340a8a5be0dca2a82f) Importer(815301076,1909f56bfc062723c751e8b465ee728b)
Start importing Assets/Prefabs/DeckCard_3.prefab using Guid(83b79bae4dc36f340a8a5be0dca2a82f) Importer(815301076,1909f56bfc062723c751e8b465ee728b)  -> (artifact id: '3337ee23cac4487f2bfd77fcb64316ec') in 0.013317 seconds 
========================================================================
Received Import Request.
  Time since last request: 8.081064 seconds.
  path: Assets/Prefabs/DeckCard_3.prefab
  artifactKey: Guid(83b79bae4dc36f340a8a5be0dca2a82f) Importer(815301076,1909f56bfc062723c751e8b465ee728b)
Start importing Assets/Prefabs/DeckCard_3.prefab using Guid(83b79bae4dc36f340a8a5be0dca2a82f) Importer(815301076,1909f56bfc062723c751e8b465ee728b)  -> (artifact id: '0f8c23eaddd62a2e88a6ab6275790d19') in 0.013007 seconds 
========================================================================
Received Import Request.
  Time since last request: 15.830079 seconds.
  path: Assets/Prefabs/DeckCard_4.prefab
  artifactKey: Guid(b130e0c49d9ea204b8ea712c351b5519) Importer(815301076,1909f56bfc062723c751e8b465ee728b)
Start importing Assets/Prefabs/DeckCard_4.prefab using Guid(b130e0c49d9ea204b8ea712c351b5519) Importer(815301076,1909f56bfc062723c751e8b465ee728b)  -> (artifact id: 'c7d413343b54d1e7137e2005a5dd36a8') in 0.012370 seconds 
========================================================================
Received Import Request.
  Time since last request: 14.866741 seconds.
  path: Assets/Prefabs/DeckCard_5.prefab
  artifactKey: Guid(946e91c108ca6f740896cb33811fc5b9) Importer(815301076,1909f56bfc062723c751e8b465ee728b)
Start importing Assets/Prefabs/DeckCard_5.prefab using Guid(946e91c108ca6f740896cb33811fc5b9) Importer(815301076,1909f56bfc062723c751e8b465ee728b)  -> (artifact id: 'b919bbecccb09a052f26d3573a02cb70') in 0.011902 seconds 
========================================================================
Received Import Request.
  Time since last request: 21.963569 seconds.
  path: Assets/BNG Framework/Materials
  artifactKey: Guid(9bf3c4c202bfcc642a6ec88028d45e36) Importer(815301076,1909f56bfc062723c751e8b465ee728b)
Start importing Assets/BNG Framework/Materials using Guid(9bf3c4c202bfcc642a6ec88028d45e36) Importer(815301076,1909f56bfc062723c751e8b465ee728b)  -> (artifact id: 'a1ded5e8a4a1b1e937ac581392429d23') in 0.007341 seconds 
========================================================================
Received Import Request.
  Time since last request: 0.037559 seconds.
  path: Assets/BNG Framework/Materials/BNG_Atlas_A.mat
  artifactKey: Guid(2c986bd867496904bb4d93ca6c777f7a) Importer(815301076,1909f56bfc062723c751e8b465ee728b)
Start importing Assets/BNG Framework/Materials/BNG_Atlas_A.mat using Guid(2c986bd867496904bb4d93ca6c777f7a) Importer(815301076,1909f56bfc062723c751e8b465ee728b)  -> (artifact id: '349e65f9d38f9b5989036c3b9165fbf8') in 0.045659 seconds 
========================================================================
Received Import Request.
  Time since last request: 0.000024 seconds.
  path: Assets/BNG Framework/Materials/GridGrey.mat
  artifactKey: Guid(4b82e6e57b94d4647bd0ca0e48a1bb7d) Importer(815301076,1909f56bfc062723c751e8b465ee728b)
Start importing Assets/BNG Framework/Materials/GridGrey.mat using Guid(4b82e6e57b94d4647bd0ca0e48a1bb7d) Importer(815301076,1909f56bfc062723c751e8b465ee728b)  -> (artifact id: '58e0c8ca67f8a5b46f85cf42e66f43d2') in 0.022618 seconds 
========================================================================
Received Import Request.
  Time since last request: 0.000030 seconds.
  path: Assets/BNG Framework/Materials/Metal.mat
  artifactKey: Guid(63c92fe1c18deff44ab8c6be21543b83) Importer(815301076,1909f56bfc062723c751e8b465ee728b)
Start importing Assets/BNG Framework/Materials/Metal.mat using Guid(63c92fe1c18deff44ab8c6be21543b83) Importer(815301076,1909f56bfc062723c751e8b465ee728b)  -> (artifact id: '5329cbb664b53bb1f4c67b9964495ca6') in 0.032568 seconds 
========================================================================
Received Import Request.
  Time since last request: 0.000026 seconds.
  path: Assets/BNG Framework/Materials/GridRed.mat
  artifactKey: Guid(eb4f63a1c24846549b212d7c7f64a784) Importer(815301076,1909f56bfc062723c751e8b465ee728b)
Start importing Assets/BNG Framework/Materials/GridRed.mat using Guid(eb4f63a1c24846549b212d7c7f64a784) Importer(815301076,1909f56bfc062723c751e8b465ee728b)  -> (artifact id: 'e25c6362ff43ab67867ff2bf04b7a80a') in 0.020160 seconds 
========================================================================
Received Import Request.
  Time since last request: 0.000041 seconds.
  path: Assets/BNG Framework/Materials/GridPurple.mat
  artifactKey: Guid(6e1bc48a70d4eac43979a3d635c75933) Importer(815301076,1909f56bfc062723c751e8b465ee728b)
Start importing Assets/BNG Framework/Materials/GridPurple.mat using Guid(6e1bc48a70d4eac43979a3d635c75933) Importer(815301076,1909f56bfc062723c751e8b465ee728b)  -> (artifact id: '9f1286c698f856633a2c74a1fa62e9a7') in 0.018015 seconds 
========================================================================
Received Import Request.
  Time since last request: 0.000023 seconds.
  path: Assets/BNG Framework/Materials/GridTurquiose.mat
  artifactKey: Guid(810568a8d5fe6de4490cd0917434da40) Importer(815301076,1909f56bfc062723c751e8b465ee728b)
Start importing Assets/BNG Framework/Materials/GridTurquiose.mat using Guid(810568a8d5fe6de4490cd0917434da40) Importer(815301076,1909f56bfc062723c751e8b465ee728b)  -> (artifact id: '1b560425f57f6ae1b20cc6cd0bd18fb1') in 0.015953 seconds 
========================================================================
Received Import Request.
  Time since last request: 0.000023 seconds.
  path: Assets/BNG Framework/Materials/GridWhite.mat
  artifactKey: Guid(f4d1c14f9d7087643856f2c5965d05f7) Importer(815301076,1909f56bfc062723c751e8b465ee728b)
Start importing Assets/BNG Framework/Materials/GridWhite.mat using Guid(f4d1c14f9d7087643856f2c5965d05f7) Importer(815301076,1909f56bfc062723c751e8b465ee728b)  -> (artifact id: '3774048057472dd1152a188aa207b504') in 0.015178 seconds 
========================================================================
Received Import Request.
  Time since last request: 0.000032 seconds.
  path: Assets/BNG Framework/Materials/puff.mat
  artifactKey: Guid(7019c1528449e4c499ff70295da5d92a) Importer(815301076,1909f56bfc062723c751e8b465ee728b)
Start importing Assets/BNG Framework/Materials/puff.mat using Guid(7019c1528449e4c499ff70295da5d92a) Importer(815301076,1909f56bfc062723c751e8b465ee728b)  -> (artifact id: '7d7fe84777c124fedd8c103f37abe0ed') in 0.066480 seconds 
========================================================================
Received Import Request.
  Time since last request: 0.000025 seconds.
  path: Assets/BNG Framework/Materials/FeatherMaterial.mat
  artifactKey: Guid(326cb4f2045321a48b513bc3d80f9da3) Importer(815301076,1909f56bfc062723c751e8b465ee728b)
Start importing Assets/BNG Framework/Materials/FeatherMaterial.mat using Guid(326cb4f2045321a48b513bc3d80f9da3) Importer(815301076,1909f56bfc062723c751e8b465ee728b)  -> (artifact id: '293da696a56ad2c393a5122f04acaa2e') in 0.022115 seconds 
========================================================================
Received Import Request.
  Time since last request: 0.000024 seconds.
  path: Assets/BNG Framework/Materials/Skybox Blue.mat
  artifactKey: Guid(8a9dd7d65456d2143bb45b92da8d67b6) Importer(815301076,1909f56bfc062723c751e8b465ee728b)
Start importing Assets/BNG Framework/Materials/Skybox Blue.mat using Guid(8a9dd7d65456d2143bb45b92da8d67b6) Importer(815301076,1909f56bfc062723c751e8b465ee728b)  -> (artifact id: 'febf6eeb6605c74fac84030cf11a721e') in 0.016033 seconds 
========================================================================
Received Import Request.
  Time since last request: 0.000026 seconds.
  path: Assets/BNG Framework/Materials/WallMaterial.mat
  artifactKey: Guid(3eb5ff9dea5266742831373fdc688e7e) Importer(815301076,1909f56bfc062723c751e8b465ee728b)
Start importing Assets/BNG Framework/Materials/WallMaterial.mat using Guid(3eb5ff9dea5266742831373fdc688e7e) Importer(815301076,1909f56bfc062723c751e8b465ee728b)  -> (artifact id: '4555a73c76c6ff886181f95c61861850') in 0.017652 seconds 
========================================================================
Received Import Request.
  Time since last request: 0.000039 seconds.
  path: Assets/BNG Framework/Materials/Pink.mat
  artifactKey: Guid(53dec95df1424f74b83466b9d02ae8ba) Importer(815301076,1909f56bfc062723c751e8b465ee728b)
Start importing Assets/BNG Framework/Materials/Pink.mat using Guid(53dec95df1424f74b83466b9d02ae8ba) Importer(815301076,1909f56bfc062723c751e8b465ee728b)  -> (artifact id: 'e36349bd6fbbac43f402d442a8dcef56') in 0.017384 seconds 
========================================================================
Received Import Request.
  Time since last request: 0.000034 seconds.
  path: Assets/BNG Framework/Materials/TeleportLine.mat
  artifactKey: Guid(eca70ad1867acb141a7914818d64faa8) Importer(815301076,1909f56bfc062723c751e8b465ee728b)
Start importing Assets/BNG Framework/Materials/TeleportLine.mat using Guid(eca70ad1867acb141a7914818d64faa8) Importer(815301076,1909f56bfc062723c751e8b465ee728b)  -> (artifact id: '61a0e53532f14401ddc74c59afeab7c3') in 0.014619 seconds 
========================================================================
Received Import Request.
  Time since last request: 0.000048 seconds.
  path: Assets/BNG Framework/Materials/Crowbar_Tex.mat
  artifactKey: Guid(5526f6616ddf95f45bfca3ac406b4bc7) Importer(815301076,1909f56bfc062723c751e8b465ee728b)
Start importing Assets/BNG Framework/Materials/Crowbar_Tex.mat using Guid(5526f6616ddf95f45bfca3ac406b4bc7) Importer(815301076,1909f56bfc062723c751e8b465ee728b)  -> (artifact id: '5b423f95cfaf4c0ed3da7e232cfb8063') in 0.021849 seconds 
========================================================================
Received Import Request.
  Time since last request: 0.000024 seconds.
  path: Assets/BNG Framework/Materials/Hands.mat
  artifactKey: Guid(2b05af5d3ec82b449951bd474350cc21) Importer(815301076,1909f56bfc062723c751e8b465ee728b)
Start importing Assets/BNG Framework/Materials/Hands.mat using Guid(2b05af5d3ec82b449951bd474350cc21) Importer(815301076,1909f56bfc062723c751e8b465ee728b)  -> (artifact id: '7cd5efb825d8e1a873c127ab2d840ea4') in 0.019495 seconds 
========================================================================
Received Import Request.
  Time since last request: 0.000032 seconds.
  path: Assets/BNG Framework/Materials/Pistol.mat
  artifactKey: Guid(0eaf56d042d189a46a4569df27725043) Importer(815301076,1909f56bfc062723c751e8b465ee728b)
Start importing Assets/BNG Framework/Materials/Pistol.mat using Guid(0eaf56d042d189a46a4569df27725043) Importer(815301076,1909f56bfc062723c751e8b465ee728b)  -> (artifact id: 'b00b054ed3ba576d4f869a2f9ea9afcd') in 0.038560 seconds 
========================================================================
Received Import Request.
  Time since last request: 0.000024 seconds.
  path: Assets/BNG Framework/Materials/GridYellow.mat
  artifactKey: Guid(fc69318049f082042bb7eb4cecce83e9) Importer(815301076,1909f56bfc062723c751e8b465ee728b)
Start importing Assets/BNG Framework/Materials/GridYellow.mat using Guid(fc69318049f082042bb7eb4cecce83e9) Importer(815301076,1909f56bfc062723c751e8b465ee728b)  -> (artifact id: '5a26c7257ffc284ea8d20045ba73d600') in 0.016488 seconds 
========================================================================
Received Import Request.
  Time since last request: 0.000035 seconds.
  path: Assets/BNG Framework/Materials/Glow.mat
  artifactKey: Guid(398d4f6f7afb145419197ebb32ef6a78) Importer(815301076,1909f56bfc062723c751e8b465ee728b)
Start importing Assets/BNG Framework/Materials/Glow.mat using Guid(398d4f6f7afb145419197ebb32ef6a78) Importer(815301076,1909f56bfc062723c751e8b465ee728b)  -> (artifact id: 'c940b1cfe4307e790c8d2ee150111434') in 0.018373 seconds 
========================================================================
Received Import Request.
  Time since last request: 0.000037 seconds.
  path: Assets/BNG Framework/Materials/StringMaterial.mat
  artifactKey: Guid(27247309b9ec8ec4d8629b6ee88cb5be) Importer(815301076,1909f56bfc062723c751e8b465ee728b)
Start importing Assets/BNG Framework/Materials/StringMaterial.mat using Guid(27247309b9ec8ec4d8629b6ee88cb5be) Importer(815301076,1909f56bfc062723c751e8b465ee728b)  -> (artifact id: '481a403d717f4d623c2b3bb8a0e176ea') in 0.015841 seconds 
========================================================================
Received Import Request.
  Time since last request: 0.000053 seconds.
  path: Assets/BNG Framework/Materials/DrawMaterial.mat
  artifactKey: Guid(f319b406b1003d142932b7a68f0028df) Importer(815301076,1909f56bfc062723c751e8b465ee728b)
Start importing Assets/BNG Framework/Materials/DrawMaterial.mat using Guid(f319b406b1003d142932b7a68f0028df) Importer(815301076,1909f56bfc062723c751e8b465ee728b)  -> (artifact id: '9e974773e1eeb45fc5e772ab5cc7989e') in 0.016254 seconds 
Editor requested this worker to shutdown with reason: Scaling down because of idle timeout
AssetImportWorker is now disconnected from the server
Process exiting
Exiting without the bug reporter. Application will terminate with return code 0