Using pre-set license
Built from '2021.3/staging' branch; Version is '2021.3.15f1 (e8e88683f834) revision 15263878'; Using compiler version '192829333'; Build Type 'Release'
OS: 'Windows 10  (10.0.19044) 64bit Core' Language: 'en' Physical Memory: 32692 MB
BatchMode: 1, IsHumanControllingUs: 0, StartBugReporterOnCrash: 0, Is64bit: 1, IsPro: 1

COMMAND LINE ARGUMENTS:
C:\Program Files\Unity\Hub\Editor\2021.3.15f1\Editor\Unity.exe
-adb2
-batchMode
-noUpm
-name
AssetImportWorker1
-projectPath
C:/Users/theap/Desktop/Turn-Based VR/VR Turn-Based
-logFile
Logs/AssetImportWorker1.log
-srvPort
51173
Successfully changed project path to: C:/Users/theap/Desktop/Turn-Based VR/VR Turn-Based
C:/Users/theap/Desktop/Turn-Based VR/VR Turn-Based
[UnityMemory] Configuration Parameters - Can be set up in boot.config
    "memorysetup-bucket-allocator-granularity=16"
    "memorysetup-bucket-allocator-bucket-count=8"
    "memorysetup-bucket-allocator-block-size=33554432"
    "memorysetup-bucket-allocator-block-count=8"
    "memorysetup-main-allocator-block-size=16777216"
    "memorysetup-thread-allocator-block-size=16777216"
    "memorysetup-gfx-main-allocator-block-size=16777216"
    "memorysetup-gfx-thread-allocator-block-size=16777216"
    "memorysetup-cache-allocator-block-size=4194304"
    "memorysetup-typetree-allocator-block-size=2097152"
    "memorysetup-profiler-bucket-allocator-granularity=16"
    "memorysetup-profiler-bucket-allocator-bucket-count=8"
    "memorysetup-profiler-bucket-allocator-block-size=33554432"
    "memorysetup-profiler-bucket-allocator-block-count=8"
    "memorysetup-profiler-allocator-block-size=16777216"
    "memorysetup-profiler-editor-allocator-block-size=1048576"
    "memorysetup-temp-allocator-size-main=16777216"
    "memorysetup-job-temp-allocator-block-size=2097152"
    "memorysetup-job-temp-allocator-block-size-background=1048576"
    "memorysetup-job-temp-allocator-reduction-small-platforms=262144"
    "memorysetup-temp-allocator-size-background-worker=32768"
    "memorysetup-temp-allocator-size-job-worker=262144"
    "memorysetup-temp-allocator-size-preload-manager=33554432"
    "memorysetup-temp-allocator-size-nav-mesh-worker=65536"
    "memorysetup-temp-allocator-size-audio-worker=65536"
    "memorysetup-temp-allocator-size-cloud-worker=32768"
    "memorysetup-temp-allocator-size-gi-baking-worker=262144"
    "memorysetup-temp-allocator-size-gfx=262144"
Player connection [15440] Host "[IP] 10.0.0.15 [Port] 0 [Flags] 2 [Guid] 1975785710 [EditorId] 1975785710 [Version] 1048832 [Id] WindowsEditor(7,DESKTOP-I29GUHQ) [Debug] 1 [PackageName] WindowsEditor [ProjectName] Editor" joined multi-casting on [225.0.0.222:54997]...

Player connection [15440] Host "[IP] 10.0.0.15 [Port] 0 [Flags] 2 [Guid] 1975785710 [EditorId] 1975785710 [Version] 1048832 [Id] WindowsEditor(7,DESKTOP-I29GUHQ) [Debug] 1 [PackageName] WindowsEditor [ProjectName] Editor" joined alternative multi-casting on [225.0.0.222:34997]...

Refreshing native plugins compatible for Editor in 127.18 ms, found 6 plugins.
Preloading 1 native plugins for Editor in 0.72 ms.
Initialize engine version: 2021.3.15f1 (e8e88683f834)
[Subsystems] Discovering subsystems at path C:/Program Files/Unity/Hub/Editor/2021.3.15f1/Editor/Data/Resources/UnitySubsystems
[Subsystems] Discovering subsystems at path C:/Users/theap/Desktop/Turn-Based VR/VR Turn-Based/Assets
GfxDevice: creating device client; threaded=0; jobified=0
Direct3D:
    Version:  Direct3D 11.0 [level 11.1]
    Renderer: AMD Radeon RX 5700 XT (ID=0x731f)
    Vendor:   ATI
    VRAM:     8151 MB
    Driver:   31.0.12027.7000
Initialize mono
Mono path[0] = 'C:/Program Files/Unity/Hub/Editor/2021.3.15f1/Editor/Data/Managed'
Mono path[1] = 'C:/Program Files/Unity/Hub/Editor/2021.3.15f1/Editor/Data/MonoBleedingEdge/lib/mono/unityjit-win32'
Mono config path = 'C:/Program Files/Unity/Hub/Editor/2021.3.15f1/Editor/Data/MonoBleedingEdge/etc'
Using monoOptions --debugger-agent=transport=dt_socket,embedding=1,server=y,suspend=n,address=127.0.0.1:56740
Begin MonoManager ReloadAssembly
Registering precompiled unity dll's ...
Register platform support module: C:/Program Files/Unity/Hub/Editor/2021.3.15f1/Editor/Data/PlaybackEngines/AndroidPlayer/UnityEditor.Android.Extensions.dll
Register platform support module: C:/Program Files/Unity/Hub/Editor/2021.3.15f1/Editor/Data/PlaybackEngines/WindowsStandaloneSupport/UnityEditor.WindowsStandalone.Extensions.dll
Registered in 0.009162 seconds.
Native extension for WindowsStandalone target not found
Native extension for Android target not found
Refreshing native plugins compatible for Editor in 111.18 ms, found 6 plugins.
Preloading 1 native plugins for Editor in 0.17 ms.
Mono: successfully reloaded assembly
- Completed reload, in  0.642 seconds
Domain Reload Profiling:
	ReloadAssembly (642ms)
		BeginReloadAssembly (74ms)
			ExecutionOrderSort (0ms)
			DisableScriptedObjects (0ms)
			BackupInstance (0ms)
			ReleaseScriptingObjects (0ms)
			CreateAndSetChildDomain (1ms)
		EndReloadAssembly (458ms)
			LoadAssemblies (71ms)
			RebuildTransferFunctionScriptingTraits (0ms)
			SetupTypeCache (99ms)
			ReleaseScriptCaches (0ms)
			RebuildScriptCaches (24ms)
			SetupLoadedEditorAssemblies (287ms)
				LogAssemblyErrors (0ms)
				InitializePlatformSupportModulesInManaged (53ms)
				SetLoadedEditorAssemblies (0ms)
				RefreshPlugins (111ms)
				BeforeProcessingInitializeOnLoad (1ms)
				ProcessInitializeOnLoadAttributes (84ms)
				ProcessInitializeOnLoadMethodAttributes (37ms)
				AfterProcessingInitializeOnLoad (0ms)
				EditorAssembliesLoaded (0ms)
			ExecutionOrderSort2 (0ms)
			AwakeInstancesAfterBackupRestoration (0ms)
Platform modules already initialized, skipping
Registering precompiled user dll's ...
Registered in 0.010162 seconds.
Begin MonoManager ReloadAssembly
Symbol file LoadedFromMemory doesn't match image C:\Users\theap\Desktop\Turn-Based VR\VR Turn-Based\Library\PackageCache\com.unity.visualscripting@1.7.8\Editor\VisualScripting.Core\Dependencies\YamlDotNet\Unity.VisualScripting.YamlDotNet.dll
Symbol file LoadedFromMemory doesn't match image C:\Users\theap\Desktop\Turn-Based VR\VR Turn-Based\Library\PackageCache\com.unity.visualscripting@1.7.8\Editor\VisualScripting.Core\Dependencies\DotNetZip\Unity.VisualScripting.IonicZip.dll
Native extension for WindowsStandalone target not found
Native extension for Android target not found
Refreshing native plugins compatible for Editor in 108.51 ms, found 6 plugins.
Preloading 1 native plugins for Editor in 0.07 ms.
Package Manager log level set to [2]
System.Reflection.TargetInvocationException: Exception has been thrown by the target of an invocation. ---> System.NullReferenceException: Object reference not set to an instance of an object
  at Unity.XR.Oculus.OculusLoader.AssetPathToAbsolutePath (System.String assetPath) [0x00040] in C:\Users\theap\Desktop\Turn-Based VR\VR Turn-Based\Library\PackageCache\com.unity.xr.oculus@3.2.2\Runtime\OculusLoader.cs:296 
  at Unity.XR.Oculus.OculusLoader.EditorLoadOVRPlugin () [0x0007b] in C:\Users\theap\Desktop\Turn-Based VR\VR Turn-Based\Library\PackageCache\com.unity.xr.oculus@3.2.2\Runtime\OculusLoader.cs:281 
  at (wrapper managed-to-native) System.Reflection.RuntimeMethodInfo.InternalInvoke(System.Reflection.RuntimeMethodInfo,object,object[],System.Exception&)
  at System.Reflection.RuntimeMethodInfo.Invoke (System.Object obj, System.Reflection.BindingFlags invokeAttr, System.Reflection.Binder binder, System.Object[] parameters, System.Globalization.CultureInfo culture) [0x0006a] in <d6232873609549b8a045fa15811a5bd3>:0 
   --- End of inner exception stack trace ---
  at System.Reflection.RuntimeMethodInfo.Invoke (System.Object obj, System.Reflection.BindingFlags invokeAttr, System.Reflection.Binder binder, System.Object[] parameters, System.Globalization.CultureInfo culture) [0x00083] in <d6232873609549b8a045fa15811a5bd3>:0 
  at System.Reflection.MethodBase.Invoke (System.Object obj, System.Object[] parameters) [0x00000] in <d6232873609549b8a045fa15811a5bd3>:0 
  at UnityEditor.EditorAssemblies.ProcessInitializeOnLoadMethodAttributes () [0x000a5] in <63965ae56af7489797f355b7c1211ab2>:0 
UnityEngine.StackTraceUtility:ExtractStackTrace ()
UnityEngine.DebugLogHandler:LogFormat (UnityEngine.LogType,UnityEngine.Object,string,object[])
UnityEngine.Logger:Log (UnityEngine.LogType,object)
UnityEngine.Debug:LogError (object)
UnityEditor.EditorAssemblies:ProcessInitializeOnLoadMethodAttributes ()

Mono: successfully reloaded assembly
- Completed reload, in  1.611 seconds
Domain Reload Profiling:
	ReloadAssembly (1612ms)
		BeginReloadAssembly (208ms)
			ExecutionOrderSort (0ms)
			DisableScriptedObjects (5ms)
			BackupInstance (0ms)
			ReleaseScriptingObjects (0ms)
			CreateAndSetChildDomain (122ms)
		EndReloadAssembly (1305ms)
			LoadAssemblies (93ms)
			RebuildTransferFunctionScriptingTraits (0ms)
			SetupTypeCache (263ms)
			ReleaseScriptCaches (1ms)
			RebuildScriptCaches (60ms)
			SetupLoadedEditorAssemblies (842ms)
				LogAssemblyErrors (0ms)
				InitializePlatformSupportModulesInManaged (18ms)
				SetLoadedEditorAssemblies (0ms)
				RefreshPlugins (109ms)
				BeforeProcessingInitializeOnLoad (108ms)
				ProcessInitializeOnLoadAttributes (534ms)
				ProcessInitializeOnLoadMethodAttributes (63ms)
				AfterProcessingInitializeOnLoad (10ms)
				EditorAssembliesLoaded (0ms)
			ExecutionOrderSort2 (0ms)
			AwakeInstancesAfterBackupRestoration (5ms)
Platform modules already initialized, skipping
========================================================================
Worker process is ready to serve import requests
Launched and connected shader compiler UnityShaderCompiler.exe after 0.04 seconds
Refreshing native plugins compatible for Editor in 1.23 ms, found 6 plugins.
Preloading 1 native plugins for Editor in 0.10 ms.
Unloading 5581 Unused Serialized files (Serialized files now loaded: 0)
Unloading 49 unused Assets / (1.1 MB). Loaded Objects now: 6027.
Memory consumption went from 215.6 MB to 214.5 MB.
Total: 4.802000 ms (FindLiveObjects: 0.583400 ms CreateObjectMapping: 0.147200 ms MarkObjects: 3.579100 ms  DeleteObjects: 0.491400 ms)

AssetImportParameters requested are different than current active one (requested -> active):
  custom:video-decoder-ogg-theora: a1e56fd34408186e4bbccfd4996cb3dc -> 
  custom:container-muxer-webm: aa71ff27fc2769a1b78a27578f13a17b -> 
  custom:container-demuxer-webm: 4f35f7cbe854078d1ac9338744f61a02 -> 
  custom:video-encoder-webm-vp8: eb34c28f22e8b96e1ab97ce403110664 -> 
  custom:audio-encoder-webm-vorbis: bf7c407c2cedff20999df2af8eb42d56 -> 
  custom:framework-win-MediaFoundation: 216162199b28c13a410421893ffa2e32 -> 
  custom:container-demuxer-ogg: 62fdf1f143b41e24485cea50d1cbac27 -> 
  custom:video-decoder-webm-vp8: 9c59270c3fd7afecdb556c50c9e8de78 -> 
  custom:audio-decoder-ogg-vorbis: bf7c407c2cedff20999df2af8eb42d56 -> 
========================================================================
Received Import Request.
  Time since last request: 46748.626330 seconds.
  path: Assets/Readme.asset
  artifactKey: Guid(8105016687592461f977c054a80ce2f2) Importer(815301076,1909f56bfc062723c751e8b465ee728b)
Start importing Assets/Readme.asset using Guid(8105016687592461f977c054a80ce2f2) Importer(815301076,1909f56bfc062723c751e8b465ee728b)  -> (artifact id: '595b59af74dba9086e8faf14badef471') in 0.036313 seconds 
========================================================================
Received Import Request.
  Time since last request: 636.747485 seconds.
  path: Assets/BNG Framework/Prefabs/Ball.prefab
  artifactKey: Guid(8b8746c815e84a54b800ff881a6de982) Importer(815301076,1909f56bfc062723c751e8b465ee728b)
Start importing Assets/BNG Framework/Prefabs/Ball.prefab using Guid(8b8746c815e84a54b800ff881a6de982) Importer(815301076,1909f56bfc062723c751e8b465ee728b)  -> (artifact id: 'adc0c1984f965435047f6e53177ca586') in 0.335499 seconds 
========================================================================
Received Import Request.
  Time since last request: 0.000036 seconds.
  path: Assets/BNG Framework/Prefabs/Lever C.prefab
  artifactKey: Guid(c08ac8c5e1b316241ab8278ad6825309) Importer(815301076,1909f56bfc062723c751e8b465ee728b)
Start importing Assets/BNG Framework/Prefabs/Lever C.prefab using Guid(c08ac8c5e1b316241ab8278ad6825309) Importer(815301076,1909f56bfc062723c751e8b465ee728b)  -> (artifact id: '2b4987cc35b62a119c0bb839fe7d4647') in 0.134869 seconds 
========================================================================
Received Import Request.
  Time since last request: 0.000053 seconds.
  path: Assets/BNG Framework/Prefabs/Hammer.prefab
  artifactKey: Guid(4f129b5556bf99748859cbb49fa5fdfb) Importer(815301076,1909f56bfc062723c751e8b465ee728b)
Start importing Assets/BNG Framework/Prefabs/Hammer.prefab using Guid(4f129b5556bf99748859cbb49fa5fdfb) Importer(815301076,1909f56bfc062723c751e8b465ee728b)  -> (artifact id: 'eab623b1f0d1a0a9491bcdbaf6b80edc') in 0.136995 seconds 
========================================================================
Received Import Request.
  Time since last request: 0.000027 seconds.
  path: Assets/BNG Framework/Prefabs/VehicleExample_Mini.prefab
  artifactKey: Guid(b0550f8ced5444544a791898a0382fb0) Importer(815301076,1909f56bfc062723c751e8b465ee728b)
Start importing Assets/BNG Framework/Prefabs/VehicleExample_Mini.prefab using Guid(b0550f8ced5444544a791898a0382fb0) Importer(815301076,1909f56bfc062723c751e8b465ee728b)  -> (artifact id: '065bbfb3e781e4790f472dee8d5e2dcb') in 0.366882 seconds 
========================================================================
Received Import Request.
  Time since last request: 0.000039 seconds.
  path: Assets/BNG Framework/Prefabs/ExplodingBarrel.prefab
  artifactKey: Guid(25b840c61060dd542a94a103f667c87e) Importer(815301076,1909f56bfc062723c751e8b465ee728b)
Start importing Assets/BNG Framework/Prefabs/ExplodingBarrel.prefab using Guid(25b840c61060dd542a94a103f667c87e) Importer(815301076,1909f56bfc062723c751e8b465ee728b)  -> (artifact id: '6cdbb622bc0385e831f863e87e0b7101') in 0.047316 seconds 
========================================================================
Received Import Request.
  Time since last request: 0.000049 seconds.
  path: Assets/BNG Framework/Prefabs/CrateWithItem.prefab
  artifactKey: Guid(c3261c423b4b0fe43a9287b69d34e029) Importer(815301076,1909f56bfc062723c751e8b465ee728b)
Start importing Assets/BNG Framework/Prefabs/CrateWithItem.prefab using Guid(c3261c423b4b0fe43a9287b69d34e029) Importer(815301076,1909f56bfc062723c751e8b465ee728b)  -> (artifact id: 'd48e3594a4bc8ca55fd5d2071b72cce0') in 0.078084 seconds 
========================================================================
Received Import Request.
  Time since last request: 0.000027 seconds.
  path: Assets/BNG Framework/Prefabs/PistolAttachments Variant.prefab
  artifactKey: Guid(bbdd2759d1d59714f9efcec989caaaad) Importer(815301076,1909f56bfc062723c751e8b465ee728b)
Start importing Assets/BNG Framework/Prefabs/PistolAttachments Variant.prefab using Guid(bbdd2759d1d59714f9efcec989caaaad) Importer(815301076,1909f56bfc062723c751e8b465ee728b)  -> (artifact id: 'f9ae63626d75b34efaeded580661305d') in 0.066916 seconds 
========================================================================
Received Import Request.
  Time since last request: 0.000030 seconds.
  path: Assets/BNG Framework/Prefabs/BulletHole.prefab
  artifactKey: Guid(fa39ce2ce96bec94b82f2c8124ce3930) Importer(815301076,1909f56bfc062723c751e8b465ee728b)
Start importing Assets/BNG Framework/Prefabs/BulletHole.prefab using Guid(fa39ce2ce96bec94b82f2c8124ce3930) Importer(815301076,1909f56bfc062723c751e8b465ee728b)  -> (artifact id: '30e9f60d25fc2247b04471722e2cb609') in 0.198589 seconds 
========================================================================
Received Import Request.
  Time since last request: 0.000028 seconds.
  path: Assets/BNG Framework/Prefabs/Desk.prefab
  artifactKey: Guid(a789d0b9ce34ff842880e59ef8261779) Importer(815301076,1909f56bfc062723c751e8b465ee728b)
Start importing Assets/BNG Framework/Prefabs/Desk.prefab using Guid(a789d0b9ce34ff842880e59ef8261779) Importer(815301076,1909f56bfc062723c751e8b465ee728b)  -> (artifact id: '65eb3b74f329e06ce21233da30ef3636') in 0.018069 seconds 
========================================================================
Received Import Request.
  Time since last request: 0.000031 seconds.
  path: Assets/BNG Framework/Prefabs/Marker.prefab
  artifactKey: Guid(b9bc860373922584080483018760241f) Importer(815301076,1909f56bfc062723c751e8b465ee728b)
Start importing Assets/BNG Framework/Prefabs/Marker.prefab using Guid(b9bc860373922584080483018760241f) Importer(815301076,1909f56bfc062723c751e8b465ee728b)  -> (artifact id: 'c46a2875fbecff4af8cb72f00481a4ff') in 0.025141 seconds 
========================================================================
Received Import Request.
  Time since last request: 0.000036 seconds.
  path: Assets/BNG Framework/Prefabs/Joystick.prefab
  artifactKey: Guid(e4324f2703548f24eb2562d7b849cfed) Importer(815301076,1909f56bfc062723c751e8b465ee728b)
Start importing Assets/BNG Framework/Prefabs/Joystick.prefab using Guid(e4324f2703548f24eb2562d7b849cfed) Importer(815301076,1909f56bfc062723c751e8b465ee728b)  -> (artifact id: '6143d1731d3eb6238072081ff78cec9a') in 0.031375 seconds 
========================================================================
Received Import Request.
  Time since last request: 0.000025 seconds.
  path: Assets/BNG Framework/Prefabs/SteeringWheel.prefab
  artifactKey: Guid(1656a291f0766b94f941a4d72ce14ffb) Importer(815301076,1909f56bfc062723c751e8b465ee728b)
Start importing Assets/BNG Framework/Prefabs/SteeringWheel.prefab using Guid(1656a291f0766b94f941a4d72ce14ffb) Importer(815301076,1909f56bfc062723c751e8b465ee728b)  -> (artifact id: 'b77dd3c1918242eda8ab295ea60bb723') in 0.024383 seconds 
========================================================================
Received Import Request.
  Time since last request: 0.000034 seconds.
  path: Assets/BNG Framework/Prefabs/Crate.prefab
  artifactKey: Guid(10c35245ad06ce54889312401eb6fb81) Importer(815301076,1909f56bfc062723c751e8b465ee728b)
Start importing Assets/BNG Framework/Prefabs/Crate.prefab using Guid(10c35245ad06ce54889312401eb6fb81) Importer(815301076,1909f56bfc062723c751e8b465ee728b)  -> (artifact id: '70345070ca52b99f3718952f47d84635') in 0.026422 seconds 
========================================================================
Received Import Request.
  Time since last request: 0.000027 seconds.
  path: Assets/BNG Framework/Prefabs/OnHitFXSpray.prefab
  artifactKey: Guid(368f3d53c5f0ec3468166a76f629b1b2) Importer(815301076,1909f56bfc062723c751e8b465ee728b)
Start importing Assets/BNG Framework/Prefabs/OnHitFXSpray.prefab using Guid(368f3d53c5f0ec3468166a76f629b1b2) Importer(815301076,1909f56bfc062723c751e8b465ee728b)  -> (artifact id: '64352e2a7646379e2fc9336b94f0c328') in 0.017812 seconds 
========================================================================
Received Import Request.
  Time since last request: 0.000024 seconds.
  path: Assets/BNG Framework/Prefabs/CustomHandRight.prefab
  artifactKey: Guid(71c930d535f9d1b4bb5666d38aed617f) Importer(815301076,1909f56bfc062723c751e8b465ee728b)
Start importing Assets/BNG Framework/Prefabs/CustomHandRight.prefab using Guid(71c930d535f9d1b4bb5666d38aed617f) Importer(815301076,1909f56bfc062723c751e8b465ee728b)  -> (artifact id: '7362363391cd9494dd2b353c2bb3e9e4') in 0.044847 seconds 
========================================================================
Received Import Request.
  Time since last request: 0.000025 seconds.
  path: Assets/BNG Framework/Prefabs/Joystick A.prefab
  artifactKey: Guid(0322070addfcbbe4e97d98d1fb4ecabb) Importer(815301076,1909f56bfc062723c751e8b465ee728b)
Start importing Assets/BNG Framework/Prefabs/Joystick A.prefab using Guid(0322070addfcbbe4e97d98d1fb4ecabb) Importer(815301076,1909f56bfc062723c751e8b465ee728b)  -> (artifact id: '44d980c755e4da6fe8b5d9a0fc3cd3d8') in 0.022367 seconds 
========================================================================
Received Import Request.
  Time since last request: 0.000040 seconds.
  path: Assets/BNG Framework/Prefabs/Slide.prefab
  artifactKey: Guid(99f47e11765001245a11dc1219c90ca0) Importer(815301076,1909f56bfc062723c751e8b465ee728b)
Start importing Assets/BNG Framework/Prefabs/Slide.prefab using Guid(99f47e11765001245a11dc1219c90ca0) Importer(815301076,1909f56bfc062723c751e8b465ee728b)  -> (artifact id: '0a277c1ea15e3c671fcc3ff58b5e20fc') in 0.023258 seconds 
========================================================================
Received Import Request.
  Time since last request: 0.000032 seconds.
  path: Assets/BNG Framework/Prefabs/LaserSword.prefab
  artifactKey: Guid(5b704853ebc7792498ed95ae5410a7c2) Importer(815301076,1909f56bfc062723c751e8b465ee728b)
Start importing Assets/BNG Framework/Prefabs/LaserSword.prefab using Guid(5b704853ebc7792498ed95ae5410a7c2) Importer(815301076,1909f56bfc062723c751e8b465ee728b)  -> (artifact id: 'c2915ad8036c8a48b40a20ce2604ed2d') in 0.025399 seconds 
========================================================================
Received Import Request.
  Time since last request: 0.000037 seconds.
  path: Assets/BNG Framework/Prefabs/BowNew.prefab
  artifactKey: Guid(980a21778f791c443bf58c4c2a9651cd) Importer(815301076,1909f56bfc062723c751e8b465ee728b)
Start importing Assets/BNG Framework/Prefabs/BowNew.prefab using Guid(980a21778f791c443bf58c4c2a9651cd) Importer(815301076,1909f56bfc062723c751e8b465ee728b)  -> (artifact id: 'c5092453e83748b3a8f527f6e51b4b02') in 0.313381 seconds 
========================================================================
Received Import Request.
  Time since last request: 0.000031 seconds.
  path: Assets/BNG Framework/Prefabs/GrappleGun.prefab
  artifactKey: Guid(268fd734eb849c343992481e1da9388c) Importer(815301076,1909f56bfc062723c751e8b465ee728b)
Start importing Assets/BNG Framework/Prefabs/GrappleGun.prefab using Guid(268fd734eb849c343992481e1da9388c) Importer(815301076,1909f56bfc062723c751e8b465ee728b)  -> (artifact id: 'cfd4a29d09ce9910a1fb1314e9ffb58e') in 0.029021 seconds 
========================================================================
Received Import Request.
  Time since last request: 0.000034 seconds.
  path: Assets/BNG Framework/Prefabs/Bat 2H.prefab
  artifactKey: Guid(4d1f6770a1232804db34e20b067f2acd) Importer(815301076,1909f56bfc062723c751e8b465ee728b)
Start importing Assets/BNG Framework/Prefabs/Bat 2H.prefab using Guid(4d1f6770a1232804db34e20b067f2acd) Importer(815301076,1909f56bfc062723c751e8b465ee728b)  -> (artifact id: '71ddd6319c9f5ae50bc23285855ee414') in 0.098313 seconds 
========================================================================
Received Import Request.
  Time since last request: 0.000028 seconds.
  path: Assets/BNG Framework/Prefabs/VehicleExample.prefab
  artifactKey: Guid(4fe64847736fa8042a9d992e31d646b4) Importer(815301076,1909f56bfc062723c751e8b465ee728b)
Start importing Assets/BNG Framework/Prefabs/VehicleExample.prefab using Guid(4fe64847736fa8042a9d992e31d646b4) Importer(815301076,1909f56bfc062723c751e8b465ee728b)  -> (artifact id: 'cb03ee3d10be4c97a143fa054127aae1') in 0.061627 seconds 
========================================================================
Received Import Request.
  Time since last request: 0.000026 seconds.
  path: Assets/BNG Framework/Prefabs/EventSystem.prefab
  artifactKey: Guid(d438cc23d9b8af241b1612661f3938b5) Importer(815301076,1909f56bfc062723c751e8b465ee728b)
Start importing Assets/BNG Framework/Prefabs/EventSystem.prefab using Guid(d438cc23d9b8af241b1612661f3938b5) Importer(815301076,1909f56bfc062723c751e8b465ee728b)  -> (artifact id: 'c86d1539c21016e7fcc6ea3717f5bc0a') in 0.016224 seconds 
========================================================================
Received Import Request.
  Time since last request: 0.000043 seconds.
  path: Assets/BNG Framework/Prefabs/BlockYellow.prefab
  artifactKey: Guid(0f50f6c994c01194195f0b739e15686d) Importer(815301076,1909f56bfc062723c751e8b465ee728b)
Start importing Assets/BNG Framework/Prefabs/BlockYellow.prefab using Guid(0f50f6c994c01194195f0b739e15686d) Importer(815301076,1909f56bfc062723c751e8b465ee728b)  -> (artifact id: '1b6f6da56d3678c50483002753657a53') in 0.017671 seconds 
========================================================================
Received Import Request.
  Time since last request: 0.000041 seconds.
  path: Assets/BNG Framework/Prefabs/DebugMenu.prefab
  artifactKey: Guid(79d6eb9496d140a4c953d23ac9677d1c) Importer(815301076,1909f56bfc062723c751e8b465ee728b)
Start importing Assets/BNG Framework/Prefabs/DebugMenu.prefab using Guid(79d6eb9496d140a4c953d23ac9677d1c) Importer(815301076,1909f56bfc062723c751e8b465ee728b)  -> (artifact id: '7c089b0dd1d389069988c4830e745d70') in 0.020964 seconds 
========================================================================
Received Import Request.
  Time since last request: 0.000032 seconds.
  path: Assets/BNG Framework/Prefabs/Bow.prefab
  artifactKey: Guid(3b3a577d35f83cd479e4139b02c51002) Importer(815301076,1909f56bfc062723c751e8b465ee728b)
Start importing Assets/BNG Framework/Prefabs/Bow.prefab using Guid(3b3a577d35f83cd479e4139b02c51002) Importer(815301076,1909f56bfc062723c751e8b465ee728b)  -> (artifact id: '4035e762bc4edb93f1a788a7eee63008') in 0.177167 seconds 
========================================================================
Received Import Request.
  Time since last request: 0.000030 seconds.
  path: Assets/BNG Framework/Prefabs/Robot Kyle Ragdoll.prefab
  artifactKey: Guid(2e0c95be6f409114fbe7d777a1b28811) Importer(815301076,1909f56bfc062723c751e8b465ee728b)
Start importing Assets/BNG Framework/Prefabs/Robot Kyle Ragdoll.prefab using Guid(2e0c95be6f409114fbe7d777a1b28811) Importer(815301076,1909f56bfc062723c751e8b465ee728b)  -> (artifact id: '72046b0e5cf48da96343e92c0aca744f') in 0.040639 seconds 
========================================================================
Received Import Request.
  Time since last request: 0.000053 seconds.
  path: Assets/BNG Framework/Prefabs/Ladder.prefab
  artifactKey: Guid(29b5a1465b2e947438e68f69e35a8fd2) Importer(815301076,1909f56bfc062723c751e8b465ee728b)
Start importing Assets/BNG Framework/Prefabs/Ladder.prefab using Guid(29b5a1465b2e947438e68f69e35a8fd2) Importer(815301076,1909f56bfc062723c751e8b465ee728b)  -> (artifact id: '5090006f4448cf0a0bd77259f8b7238b') in 0.026509 seconds 
========================================================================
Received Import Request.
  Time since last request: 0.000029 seconds.
  path: Assets/BNG Framework/Prefabs/SlideDrawer.prefab
  artifactKey: Guid(a26c3d0cae0a86144b7d8155ff0c08be) Importer(815301076,1909f56bfc062723c751e8b465ee728b)
Start importing Assets/BNG Framework/Prefabs/SlideDrawer.prefab using Guid(a26c3d0cae0a86144b7d8155ff0c08be) Importer(815301076,1909f56bfc062723c751e8b465ee728b)  -> (artifact id: 'fa5553d2791cb6d6d37922fa9be13282') in 0.032546 seconds 
Editor requested this worker to shutdown with reason: Scaling down because of idle timeout
AssetImportWorker is now disconnected from the server
Process exiting
Exiting without the bug reporter. Application will terminate with return code 0