Using pre-set license
Built from '2021.3/staging' branch; Version is '2021.3.15f1 (e8e88683f834) revision 15263878'; Using compiler version '192829333'; Build Type 'Release'
OS: 'Windows 10  (10.0.19044) 64bit Core' Language: 'en' Physical Memory: 32692 MB
BatchMode: 1, IsHumanControllingUs: 0, StartBugReporterOnCrash: 0, Is64bit: 1, IsPro: 1

COMMAND LINE ARGUMENTS:
C:\Program Files\Unity\Hub\Editor\2021.3.15f1\Editor\Unity.exe
-adb2
-batchMode
-noUpm
-name
AssetImportWorker0
-projectPath
C:/Users/theap/Desktop/Turn-Based VR/VR Turn-Based
-logFile
Logs/AssetImportWorker0.log
-srvPort
51173
Successfully changed project path to: C:/Users/theap/Desktop/Turn-Based VR/VR Turn-Based
C:/Users/theap/Desktop/Turn-Based VR/VR Turn-Based
[UnityMemory] Configuration Parameters - Can be set up in boot.config
    "memorysetup-bucket-allocator-granularity=16"
    "memorysetup-bucket-allocator-bucket-count=8"
    "memorysetup-bucket-allocator-block-size=33554432"
    "memorysetup-bucket-allocator-block-count=8"
    "memorysetup-main-allocator-block-size=16777216"
    "memorysetup-thread-allocator-block-size=16777216"
    "memorysetup-gfx-main-allocator-block-size=16777216"
    "memorysetup-gfx-thread-allocator-block-size=16777216"
    "memorysetup-cache-allocator-block-size=4194304"
    "memorysetup-typetree-allocator-block-size=2097152"
    "memorysetup-profiler-bucket-allocator-granularity=16"
    "memorysetup-profiler-bucket-allocator-bucket-count=8"
    "memorysetup-profiler-bucket-allocator-block-size=33554432"
    "memorysetup-profiler-bucket-allocator-block-count=8"
    "memorysetup-profiler-allocator-block-size=16777216"
    "memorysetup-profiler-editor-allocator-block-size=1048576"
    "memorysetup-temp-allocator-size-main=16777216"
    "memorysetup-job-temp-allocator-block-size=2097152"
    "memorysetup-job-temp-allocator-block-size-background=1048576"
    "memorysetup-job-temp-allocator-reduction-small-platforms=262144"
    "memorysetup-temp-allocator-size-background-worker=32768"
    "memorysetup-temp-allocator-size-job-worker=262144"
    "memorysetup-temp-allocator-size-preload-manager=33554432"
    "memorysetup-temp-allocator-size-nav-mesh-worker=65536"
    "memorysetup-temp-allocator-size-audio-worker=65536"
    "memorysetup-temp-allocator-size-cloud-worker=32768"
    "memorysetup-temp-allocator-size-gi-baking-worker=262144"
    "memorysetup-temp-allocator-size-gfx=262144"
Player connection [2532] Host "[IP] 10.0.0.15 [Port] 0 [Flags] 2 [Guid] 1025316679 [EditorId] 1025316679 [Version] 1048832 [Id] WindowsEditor(7,DESKTOP-I29GUHQ) [Debug] 1 [PackageName] WindowsEditor [ProjectName] Editor" joined multi-casting on [225.0.0.222:54997]...

Player connection [2532] Host "[IP] 10.0.0.15 [Port] 0 [Flags] 2 [Guid] 1025316679 [EditorId] 1025316679 [Version] 1048832 [Id] WindowsEditor(7,DESKTOP-I29GUHQ) [Debug] 1 [PackageName] WindowsEditor [ProjectName] Editor" joined alternative multi-casting on [225.0.0.222:34997]...

Refreshing native plugins compatible for Editor in 127.25 ms, found 6 plugins.
Preloading 1 native plugins for Editor in 0.76 ms.
Initialize engine version: 2021.3.15f1 (e8e88683f834)
[Subsystems] Discovering subsystems at path C:/Program Files/Unity/Hub/Editor/2021.3.15f1/Editor/Data/Resources/UnitySubsystems
[Subsystems] Discovering subsystems at path C:/Users/theap/Desktop/Turn-Based VR/VR Turn-Based/Assets
GfxDevice: creating device client; threaded=0; jobified=0
Direct3D:
    Version:  Direct3D 11.0 [level 11.1]
    Renderer: AMD Radeon RX 5700 XT (ID=0x731f)
    Vendor:   ATI
    VRAM:     8151 MB
    Driver:   31.0.12027.7000
Initialize mono
Mono path[0] = 'C:/Program Files/Unity/Hub/Editor/2021.3.15f1/Editor/Data/Managed'
Mono path[1] = 'C:/Program Files/Unity/Hub/Editor/2021.3.15f1/Editor/Data/MonoBleedingEdge/lib/mono/unityjit-win32'
Mono config path = 'C:/Program Files/Unity/Hub/Editor/2021.3.15f1/Editor/Data/MonoBleedingEdge/etc'
Using monoOptions --debugger-agent=transport=dt_socket,embedding=1,server=y,suspend=n,address=127.0.0.1:56992
Begin MonoManager ReloadAssembly
Registering precompiled unity dll's ...
Register platform support module: C:/Program Files/Unity/Hub/Editor/2021.3.15f1/Editor/Data/PlaybackEngines/AndroidPlayer/UnityEditor.Android.Extensions.dll
Register platform support module: C:/Program Files/Unity/Hub/Editor/2021.3.15f1/Editor/Data/PlaybackEngines/WindowsStandaloneSupport/UnityEditor.WindowsStandalone.Extensions.dll
Registered in 0.008964 seconds.
Native extension for WindowsStandalone target not found
Native extension for Android target not found
Refreshing native plugins compatible for Editor in 111.06 ms, found 6 plugins.
Preloading 1 native plugins for Editor in 0.24 ms.
Mono: successfully reloaded assembly
- Completed reload, in  0.641 seconds
Domain Reload Profiling:
	ReloadAssembly (641ms)
		BeginReloadAssembly (74ms)
			ExecutionOrderSort (0ms)
			DisableScriptedObjects (0ms)
			BackupInstance (0ms)
			ReleaseScriptingObjects (0ms)
			CreateAndSetChildDomain (1ms)
		EndReloadAssembly (456ms)
			LoadAssemblies (71ms)
			RebuildTransferFunctionScriptingTraits (0ms)
			SetupTypeCache (99ms)
			ReleaseScriptCaches (0ms)
			RebuildScriptCaches (24ms)
			SetupLoadedEditorAssemblies (285ms)
				LogAssemblyErrors (0ms)
				InitializePlatformSupportModulesInManaged (52ms)
				SetLoadedEditorAssemblies (0ms)
				RefreshPlugins (111ms)
				BeforeProcessingInitializeOnLoad (1ms)
				ProcessInitializeOnLoadAttributes (82ms)
				ProcessInitializeOnLoadMethodAttributes (38ms)
				AfterProcessingInitializeOnLoad (0ms)
				EditorAssembliesLoaded (0ms)
			ExecutionOrderSort2 (0ms)
			AwakeInstancesAfterBackupRestoration (0ms)
Platform modules already initialized, skipping
Registering precompiled user dll's ...
Registered in 0.009798 seconds.
Begin MonoManager ReloadAssembly
Symbol file LoadedFromMemory doesn't match image C:\Users\theap\Desktop\Turn-Based VR\VR Turn-Based\Library\PackageCache\com.unity.visualscripting@1.7.8\Editor\VisualScripting.Core\Dependencies\YamlDotNet\Unity.VisualScripting.YamlDotNet.dll
Symbol file LoadedFromMemory doesn't match image C:\Users\theap\Desktop\Turn-Based VR\VR Turn-Based\Library\PackageCache\com.unity.visualscripting@1.7.8\Editor\VisualScripting.Core\Dependencies\DotNetZip\Unity.VisualScripting.IonicZip.dll
Native extension for WindowsStandalone target not found
Native extension for Android target not found
Refreshing native plugins compatible for Editor in 112.76 ms, found 6 plugins.
Preloading 1 native plugins for Editor in 0.09 ms.
Package Manager log level set to [2]
System.Reflection.TargetInvocationException: Exception has been thrown by the target of an invocation. ---> System.NullReferenceException: Object reference not set to an instance of an object
  at Unity.XR.Oculus.OculusLoader.AssetPathToAbsolutePath (System.String assetPath) [0x00040] in C:\Users\theap\Desktop\Turn-Based VR\VR Turn-Based\Library\PackageCache\com.unity.xr.oculus@3.2.2\Runtime\OculusLoader.cs:296 
  at Unity.XR.Oculus.OculusLoader.EditorLoadOVRPlugin () [0x0007b] in C:\Users\theap\Desktop\Turn-Based VR\VR Turn-Based\Library\PackageCache\com.unity.xr.oculus@3.2.2\Runtime\OculusLoader.cs:281 
  at (wrapper managed-to-native) System.Reflection.RuntimeMethodInfo.InternalInvoke(System.Reflection.RuntimeMethodInfo,object,object[],System.Exception&)
  at System.Reflection.RuntimeMethodInfo.Invoke (System.Object obj, System.Reflection.BindingFlags invokeAttr, System.Reflection.Binder binder, System.Object[] parameters, System.Globalization.CultureInfo culture) [0x0006a] in <d6232873609549b8a045fa15811a5bd3>:0 
   --- End of inner exception stack trace ---
  at System.Reflection.RuntimeMethodInfo.Invoke (System.Object obj, System.Reflection.BindingFlags invokeAttr, System.Reflection.Binder binder, System.Object[] parameters, System.Globalization.CultureInfo culture) [0x00083] in <d6232873609549b8a045fa15811a5bd3>:0 
  at System.Reflection.MethodBase.Invoke (System.Object obj, System.Object[] parameters) [0x00000] in <d6232873609549b8a045fa15811a5bd3>:0 
  at UnityEditor.EditorAssemblies.ProcessInitializeOnLoadMethodAttributes () [0x000a5] in <63965ae56af7489797f355b7c1211ab2>:0 
UnityEngine.StackTraceUtility:ExtractStackTrace ()
UnityEngine.DebugLogHandler:LogFormat (UnityEngine.LogType,UnityEngine.Object,string,object[])
UnityEngine.Logger:Log (UnityEngine.LogType,object)
UnityEngine.Debug:LogError (object)
UnityEditor.EditorAssemblies:ProcessInitializeOnLoadMethodAttributes ()

Mono: successfully reloaded assembly
- Completed reload, in  1.612 seconds
Domain Reload Profiling:
	ReloadAssembly (1613ms)
		BeginReloadAssembly (207ms)
			ExecutionOrderSort (0ms)
			DisableScriptedObjects (5ms)
			BackupInstance (0ms)
			ReleaseScriptingObjects (0ms)
			CreateAndSetChildDomain (122ms)
		EndReloadAssembly (1306ms)
			LoadAssemblies (92ms)
			RebuildTransferFunctionScriptingTraits (0ms)
			SetupTypeCache (256ms)
			ReleaseScriptCaches (1ms)
			RebuildScriptCaches (60ms)
			SetupLoadedEditorAssemblies (848ms)
				LogAssemblyErrors (0ms)
				InitializePlatformSupportModulesInManaged (18ms)
				SetLoadedEditorAssemblies (0ms)
				RefreshPlugins (113ms)
				BeforeProcessingInitializeOnLoad (109ms)
				ProcessInitializeOnLoadAttributes (536ms)
				ProcessInitializeOnLoadMethodAttributes (61ms)
				AfterProcessingInitializeOnLoad (10ms)
				EditorAssembliesLoaded (0ms)
			ExecutionOrderSort2 (0ms)
			AwakeInstancesAfterBackupRestoration (5ms)
Platform modules already initialized, skipping
========================================================================
Worker process is ready to serve import requests
Launched and connected shader compiler UnityShaderCompiler.exe after 0.05 seconds
Refreshing native plugins compatible for Editor in 1.25 ms, found 6 plugins.
Preloading 1 native plugins for Editor in 0.11 ms.
Unloading 5581 Unused Serialized files (Serialized files now loaded: 0)
Unloading 49 unused Assets / (1.1 MB). Loaded Objects now: 6027.
Memory consumption went from 215.6 MB to 214.5 MB.
Total: 4.827200 ms (FindLiveObjects: 0.590400 ms CreateObjectMapping: 0.145300 ms MarkObjects: 3.585600 ms  DeleteObjects: 0.505000 ms)

AssetImportParameters requested are different than current active one (requested -> active):
  custom:video-decoder-ogg-theora: a1e56fd34408186e4bbccfd4996cb3dc -> 
  custom:container-muxer-webm: aa71ff27fc2769a1b78a27578f13a17b -> 
  custom:container-demuxer-webm: 4f35f7cbe854078d1ac9338744f61a02 -> 
  custom:video-encoder-webm-vp8: eb34c28f22e8b96e1ab97ce403110664 -> 
  custom:audio-encoder-webm-vorbis: bf7c407c2cedff20999df2af8eb42d56 -> 
  custom:framework-win-MediaFoundation: 216162199b28c13a410421893ffa2e32 -> 
  custom:container-demuxer-ogg: 62fdf1f143b41e24485cea50d1cbac27 -> 
  custom:video-decoder-webm-vp8: 9c59270c3fd7afecdb556c50c9e8de78 -> 
  custom:audio-decoder-ogg-vorbis: bf7c407c2cedff20999df2af8eb42d56 -> 
========================================================================
Received Import Request.
  Time since last request: 46748.612224 seconds.
  path: Assets/UniversalRenderPipelineGlobalSettings.asset
  artifactKey: Guid(18dc0cd2c080841dea60987a38ce93fa) Importer(815301076,1909f56bfc062723c751e8b465ee728b)
Start importing Assets/UniversalRenderPipelineGlobalSettings.asset using Guid(18dc0cd2c080841dea60987a38ce93fa) Importer(815301076,1909f56bfc062723c751e8b465ee728b)  -> (artifact id: 'ac163ee4cb400cea1f604418885fade3') in 0.040405 seconds 
========================================================================
Received Import Request.
  Time since last request: 4.552756 seconds.
  path: Assets/BNG Framework
  artifactKey: Guid(fcefa96e7778c9249ae8e096ece1e194) Importer(815301076,1909f56bfc062723c751e8b465ee728b)
Start importing Assets/BNG Framework using Guid(fcefa96e7778c9249ae8e096ece1e194) Importer(815301076,1909f56bfc062723c751e8b465ee728b)  -> (artifact id: '99b00ce9fe23b0856139d2620a68c8c3') in 0.006558 seconds 
========================================================================
Received Import Request.
  Time since last request: 2.024718 seconds.
  path: Assets/BNG Framework/Scenes
  artifactKey: Guid(c4f35859e6089384cbcfbf21e2652484) Importer(815301076,1909f56bfc062723c751e8b465ee728b)
Start importing Assets/BNG Framework/Scenes using Guid(c4f35859e6089384cbcfbf21e2652484) Importer(815301076,1909f56bfc062723c751e8b465ee728b)  -> (artifact id: 'd2189440aab3f4928b968a4f9178090f') in 0.007576 seconds 
========================================================================
Received Import Request.
  Time since last request: 3.051454 seconds.
  path: Assets/BNG Framework/Scenes/Empty.unity
  artifactKey: Guid(c0900b4a1bfde9547aad7e2e5f2b45b8) Importer(815301076,1909f56bfc062723c751e8b465ee728b)
Start importing Assets/BNG Framework/Scenes/Empty.unity using Guid(c0900b4a1bfde9547aad7e2e5f2b45b8) Importer(815301076,1909f56bfc062723c751e8b465ee728b)  -> (artifact id: 'e82967fba135023bfdfb57c8104ddbee') in 0.007143 seconds 
========================================================================
Received Import Request.
  Time since last request: 627.021685 seconds.
  path: Assets/BNG Framework/Prefabs
  artifactKey: Guid(13525ee67fdf9a942ae59545c80f12c2) Importer(815301076,1909f56bfc062723c751e8b465ee728b)
Start importing Assets/BNG Framework/Prefabs using Guid(13525ee67fdf9a942ae59545c80f12c2) Importer(815301076,1909f56bfc062723c751e8b465ee728b)  -> (artifact id: '1df61baab4ab5be31d5caec17ae59939') in 0.007552 seconds 
========================================================================
Received Import Request.
  Time since last request: 0.046160 seconds.
  path: Assets/BNG Framework/Prefabs/Backpack.prefab
  artifactKey: Guid(c99145ded050f544f93c5c074bff5ac0) Importer(815301076,1909f56bfc062723c751e8b465ee728b)
Start importing Assets/BNG Framework/Prefabs/Backpack.prefab using Guid(c99145ded050f544f93c5c074bff5ac0) Importer(815301076,1909f56bfc062723c751e8b465ee728b)  -> (artifact id: '5c26ae9b70f031b6777c33f5ae35bd79') in 0.598525 seconds 
========================================================================
Received Import Request.
  Time since last request: 0.000049 seconds.
  path: Assets/BNG Framework/Prefabs/SnapPoint.prefab
  artifactKey: Guid(62f4987b7e086ff43ab61a31ee443048) Importer(815301076,1909f56bfc062723c751e8b465ee728b)
Start importing Assets/BNG Framework/Prefabs/SnapPoint.prefab using Guid(62f4987b7e086ff43ab61a31ee443048) Importer(815301076,1909f56bfc062723c751e8b465ee728b)  -> (artifact id: 'c8129f486ca697b8260ec462f829f473') in 0.012264 seconds 
========================================================================
Received Import Request.
  Time since last request: 0.000047 seconds.
  path: Assets/BNG Framework/Prefabs/ZipLineGrabber.prefab
  artifactKey: Guid(13049a06e1e88ab42b7949927a970b75) Importer(815301076,1909f56bfc062723c751e8b465ee728b)
Start importing Assets/BNG Framework/Prefabs/ZipLineGrabber.prefab using Guid(13049a06e1e88ab42b7949927a970b75) Importer(815301076,1909f56bfc062723c751e8b465ee728b)  -> (artifact id: '1255f8e42903a0ef95b8f9b39e8324ef') in 0.030073 seconds 
========================================================================
Received Import Request.
  Time since last request: 0.000038 seconds.
  path: Assets/BNG Framework/Prefabs/Lever B.prefab
  artifactKey: Guid(a2419f9845db03f479057114b6bbbe86) Importer(815301076,1909f56bfc062723c751e8b465ee728b)
Start importing Assets/BNG Framework/Prefabs/Lever B.prefab using Guid(a2419f9845db03f479057114b6bbbe86) Importer(815301076,1909f56bfc062723c751e8b465ee728b)  -> (artifact id: '125efcfc3671455bafb4aa329ef84941') in 0.129446 seconds 
========================================================================
Received Import Request.
  Time since last request: 0.000030 seconds.
  path: Assets/BNG Framework/Prefabs/CustomHandLeft.prefab
  artifactKey: Guid(ffcc94b2104a37e47a3b781d4605a371) Importer(815301076,1909f56bfc062723c751e8b465ee728b)
Start importing Assets/BNG Framework/Prefabs/CustomHandLeft.prefab using Guid(ffcc94b2104a37e47a3b781d4605a371) Importer(815301076,1909f56bfc062723c751e8b465ee728b)  -> (artifact id: '5cfdeafe6594fbbb6de0a644213cbc7d') in 0.040851 seconds 
========================================================================
Received Import Request.
  Time since last request: 0.000024 seconds.
  path: Assets/BNG Framework/Prefabs/Hand Model Changer.prefab
  artifactKey: Guid(ee3e6c075258e534da1f6ee02f8b4fc0) Importer(815301076,1909f56bfc062723c751e8b465ee728b)
Start importing Assets/BNG Framework/Prefabs/Hand Model Changer.prefab using Guid(ee3e6c075258e534da1f6ee02f8b4fc0) Importer(815301076,1909f56bfc062723c751e8b465ee728b)  -> (artifact id: '1709e1cf8e464a5cb3326a4192cb0476') in 0.467307 seconds 
========================================================================
Received Import Request.
  Time since last request: 0.000039 seconds.
  path: Assets/BNG Framework/Prefabs/IKDummy.prefab
  artifactKey: Guid(a5141b94f9b0fe84195bb6694e6932d4) Importer(815301076,1909f56bfc062723c751e8b465ee728b)
Start importing Assets/BNG Framework/Prefabs/IKDummy.prefab using Guid(a5141b94f9b0fe84195bb6694e6932d4) Importer(815301076,1909f56bfc062723c751e8b465ee728b)  -> (artifact id: '49526a017248e119f4f6e2f6ba0c89fb') in 0.263570 seconds 
========================================================================
Received Import Request.
  Time since last request: 0.000033 seconds.
  path: Assets/BNG Framework/Prefabs/Desk2.prefab
  artifactKey: Guid(409c29609963914488169a846ec3ecdd) Importer(815301076,1909f56bfc062723c751e8b465ee728b)
Start importing Assets/BNG Framework/Prefabs/Desk2.prefab using Guid(409c29609963914488169a846ec3ecdd) Importer(815301076,1909f56bfc062723c751e8b465ee728b)  -> (artifact id: 'bbd9a2aad41c7e17b6e481b0800bfd30') in 0.082524 seconds 
========================================================================
Received Import Request.
  Time since last request: 0.000050 seconds.
  path: Assets/BNG Framework/Prefabs/ScaleBetween.prefab
  artifactKey: Guid(b8e4cecd09499bf468ee84a18c4f6fe7) Importer(815301076,1909f56bfc062723c751e8b465ee728b)
Start importing Assets/BNG Framework/Prefabs/ScaleBetween.prefab using Guid(b8e4cecd09499bf468ee84a18c4f6fe7) Importer(815301076,1909f56bfc062723c751e8b465ee728b)  -> (artifact id: 'ce68a94c6fb5eecdb8139c4e1076bf65') in 0.016663 seconds 
========================================================================
Received Import Request.
  Time since last request: 0.000028 seconds.
  path: Assets/BNG Framework/Prefabs/Mirror.prefab
  artifactKey: Guid(64b01e3d5c639b9409f3e0a69f80b145) Importer(815301076,1909f56bfc062723c751e8b465ee728b)
Start importing Assets/BNG Framework/Prefabs/Mirror.prefab using Guid(64b01e3d5c639b9409f3e0a69f80b145) Importer(815301076,1909f56bfc062723c751e8b465ee728b)  -> (artifact id: '75ddcd0fded28ee787ded156a1e594af') in 0.044342 seconds 
========================================================================
Received Import Request.
  Time since last request: 0.000031 seconds.
  path: Assets/BNG Framework/Prefabs/TeleportDestination.prefab
  artifactKey: Guid(745474d57ad4f6641b08c258fdbfcc63) Importer(815301076,1909f56bfc062723c751e8b465ee728b)
Start importing Assets/BNG Framework/Prefabs/TeleportDestination.prefab using Guid(745474d57ad4f6641b08c258fdbfcc63) Importer(815301076,1909f56bfc062723c751e8b465ee728b)  -> (artifact id: 'f1a4f2dee75f6d46cc678351f69193a8') in 0.022489 seconds 
========================================================================
Received Import Request.
  Time since last request: 0.000032 seconds.
  path: Assets/BNG Framework/Prefabs/Robot Kyle Ragdoll Projectile.prefab
  artifactKey: Guid(26d95e36bb69d704ea748458869b9b94) Importer(815301076,1909f56bfc062723c751e8b465ee728b)
Start importing Assets/BNG Framework/Prefabs/Robot Kyle Ragdoll Projectile.prefab using Guid(26d95e36bb69d704ea748458869b9b94) Importer(815301076,1909f56bfc062723c751e8b465ee728b)  -> (artifact id: 'cdbb01f402bb9f9acaa31deb7f1a439e') in 0.141540 seconds 
========================================================================
Received Import Request.
  Time since last request: 0.000039 seconds.
  path: Assets/BNG Framework/Prefabs/Projectile.prefab
  artifactKey: Guid(4af46545725f628459794cfc7c0f7d54) Importer(815301076,1909f56bfc062723c751e8b465ee728b)
Start importing Assets/BNG Framework/Prefabs/Projectile.prefab using Guid(4af46545725f628459794cfc7c0f7d54) Importer(815301076,1909f56bfc062723c751e8b465ee728b)  -> (artifact id: 'cbd5a2f2a592659989ec62c939f84605') in 0.035084 seconds 
========================================================================
Received Import Request.
  Time since last request: 0.000050 seconds.
  path: Assets/BNG Framework/Prefabs/ButtonRound.prefab
  artifactKey: Guid(624ef7d780846b342988732cbb919663) Importer(815301076,1909f56bfc062723c751e8b465ee728b)
Start importing Assets/BNG Framework/Prefabs/ButtonRound.prefab using Guid(624ef7d780846b342988732cbb919663) Importer(815301076,1909f56bfc062723c751e8b465ee728b)  -> (artifact id: '6a5204ac3d987ec1783991f3cffa11dc') in 0.032226 seconds 
========================================================================
Received Import Request.
  Time since last request: 0.000029 seconds.
  path: Assets/BNG Framework/Prefabs/Button.prefab
  artifactKey: Guid(0ddfc520c9a0c444ca01b9e5f24afb7b) Importer(815301076,1909f56bfc062723c751e8b465ee728b)
Start importing Assets/BNG Framework/Prefabs/Button.prefab using Guid(0ddfc520c9a0c444ca01b9e5f24afb7b) Importer(815301076,1909f56bfc062723c751e8b465ee728b)  -> (artifact id: '95a19c75a888977756918c95670a5b56') in 0.020998 seconds 
========================================================================
Received Import Request.
  Time since last request: 0.000035 seconds.
  path: Assets/BNG Framework/Prefabs/Breakable.prefab
  artifactKey: Guid(496ea98f57b529f4a833f65409a22871) Importer(815301076,1909f56bfc062723c751e8b465ee728b)
Start importing Assets/BNG Framework/Prefabs/Breakable.prefab using Guid(496ea98f57b529f4a833f65409a22871) Importer(815301076,1909f56bfc062723c751e8b465ee728b)  -> (artifact id: 'fd68a57da305f37c82e332d10a81dd4e') in 0.025109 seconds 
========================================================================
Received Import Request.
  Time since last request: 0.000026 seconds.
  path: Assets/BNG Framework/Prefabs/Lever A.prefab
  artifactKey: Guid(2c8749612dd1d9542aecb3bbb4aa6470) Importer(815301076,1909f56bfc062723c751e8b465ee728b)
Start importing Assets/BNG Framework/Prefabs/Lever A.prefab using Guid(2c8749612dd1d9542aecb3bbb4aa6470) Importer(815301076,1909f56bfc062723c751e8b465ee728b)  -> (artifact id: '79a6a2ec20eccdf86ae4f7b8b8c6d7b9') in 0.024378 seconds 
========================================================================
Received Import Request.
  Time since last request: 0.000024 seconds.
  path: Assets/BNG Framework/Prefabs/PingPongBall.prefab
  artifactKey: Guid(399e81172965af247aded9307a504630) Importer(815301076,1909f56bfc062723c751e8b465ee728b)
Start importing Assets/BNG Framework/Prefabs/PingPongBall.prefab using Guid(399e81172965af247aded9307a504630) Importer(815301076,1909f56bfc062723c751e8b465ee728b)  -> (artifact id: '7ac71cedba2a986d2458f35e4ad4c9b9') in 0.018883 seconds 
========================================================================
Received Import Request.
  Time since last request: 0.000036 seconds.
  path: Assets/BNG Framework/Prefabs/Crowbar.prefab
  artifactKey: Guid(d1403a4ac31b4464e9582f7faaf31deb) Importer(815301076,1909f56bfc062723c751e8b465ee728b)
Start importing Assets/BNG Framework/Prefabs/Crowbar.prefab using Guid(d1403a4ac31b4464e9582f7faaf31deb) Importer(815301076,1909f56bfc062723c751e8b465ee728b)  -> (artifact id: 'c58a02e9ec06dc048d8bace1ae27a04b') in 0.034052 seconds 
========================================================================
Received Import Request.
  Time since last request: 0.000030 seconds.
  path: Assets/BNG Framework/Prefabs/UICursor.prefab
  artifactKey: Guid(cda3e347c37ecf24e89b8cd380c7f9f2) Importer(815301076,1909f56bfc062723c751e8b465ee728b)
Start importing Assets/BNG Framework/Prefabs/UICursor.prefab using Guid(cda3e347c37ecf24e89b8cd380c7f9f2) Importer(815301076,1909f56bfc062723c751e8b465ee728b)  -> (artifact id: '27bb0b0621056cd612d0c9aa523a1d62') in 0.012661 seconds 
========================================================================
Received Import Request.
  Time since last request: 0.000042 seconds.
  path: Assets/BNG Framework/Prefabs/TextBlock.prefab
  artifactKey: Guid(d1196da97cc726d48bb5c44c053d9cef) Importer(815301076,1909f56bfc062723c751e8b465ee728b)
Start importing Assets/BNG Framework/Prefabs/TextBlock.prefab using Guid(d1196da97cc726d48bb5c44c053d9cef) Importer(815301076,1909f56bfc062723c751e8b465ee728b)  -> (artifact id: 'f25b1edc68a7733c7fd540814b017815') in 0.020009 seconds 
========================================================================
Received Import Request.
  Time since last request: 0.000025 seconds.
  path: Assets/BNG Framework/Prefabs/SteeringWheelLeverSetup.prefab
  artifactKey: Guid(b41ac38c6f5008847a63b626f75befd5) Importer(815301076,1909f56bfc062723c751e8b465ee728b)
Start importing Assets/BNG Framework/Prefabs/SteeringWheelLeverSetup.prefab using Guid(b41ac38c6f5008847a63b626f75befd5) Importer(815301076,1909f56bfc062723c751e8b465ee728b)  -> (artifact id: '0a002b1777beb1851c34a0f790111d40') in 0.027415 seconds 
========================================================================
Received Import Request.
  Time since last request: 0.000029 seconds.
  path: Assets/BNG Framework/Prefabs/VR Keyboard.prefab
  artifactKey: Guid(8a70b6ef2260a1848b78f80fbf4e786d) Importer(815301076,1909f56bfc062723c751e8b465ee728b)
Start importing Assets/BNG Framework/Prefabs/VR Keyboard.prefab using Guid(8a70b6ef2260a1848b78f80fbf4e786d) Importer(815301076,1909f56bfc062723c751e8b465ee728b)  -> (artifact id: '3a9e4e76ec61cc9294158018f9f946f8') in 0.030977 seconds 
========================================================================
Received Import Request.
  Time since last request: 0.000026 seconds.
  path: Assets/BNG Framework/Prefabs/OnHitFX2.prefab
  artifactKey: Guid(1c0840efb2a915f4bb2836c6789b4772) Importer(815301076,1909f56bfc062723c751e8b465ee728b)
Start importing Assets/BNG Framework/Prefabs/OnHitFX2.prefab using Guid(1c0840efb2a915f4bb2836c6789b4772) Importer(815301076,1909f56bfc062723c751e8b465ee728b)  -> (artifact id: '246b4e14b4c28f0d8ee55b7ef2c21644') in 0.039007 seconds 
========================================================================
Received Import Request.
  Time since last request: 0.000036 seconds.
  path: Assets/BNG Framework/Prefabs/UICanvas.prefab
  artifactKey: Guid(1f75a4a1ec4271442a6c51de842cadf0) Importer(815301076,1909f56bfc062723c751e8b465ee728b)
Start importing Assets/BNG Framework/Prefabs/UICanvas.prefab using Guid(1f75a4a1ec4271442a6c51de842cadf0) Importer(815301076,1909f56bfc062723c751e8b465ee728b)  -> (artifact id: 'cec5441f2caa4ee33276cbe8f7fd1d13') in 0.010868 seconds 
========================================================================
Received Import Request.
  Time since last request: 0.000027 seconds.
  path: Assets/BNG Framework/Prefabs/OnHitFX.prefab
  artifactKey: Guid(66ba75c631bd8354892c80fe7071992b) Importer(815301076,1909f56bfc062723c751e8b465ee728b)
Start importing Assets/BNG Framework/Prefabs/OnHitFX.prefab using Guid(66ba75c631bd8354892c80fe7071992b) Importer(815301076,1909f56bfc062723c751e8b465ee728b)  -> (artifact id: 'd15f4a4a7a0343bb462f6700a86ee13a') in 0.020369 seconds 
========================================================================
Received Import Request.
  Time since last request: 0.000032 seconds.
  path: Assets/BNG Framework/Prefabs/Knob.prefab
  artifactKey: Guid(b6d8d2fe17aa0e845b409cde025ad27d) Importer(815301076,1909f56bfc062723c751e8b465ee728b)
Start importing Assets/BNG Framework/Prefabs/Knob.prefab using Guid(b6d8d2fe17aa0e845b409cde025ad27d) Importer(815301076,1909f56bfc062723c751e8b465ee728b)  -> (artifact id: '74b5784513c7b2288940d04a26996e46') in 0.022749 seconds 
========================================================================
Received Import Request.
  Time since last request: 0.000036 seconds.
  path: Assets/BNG Framework/Prefabs/Lever.prefab
  artifactKey: Guid(ef468726c1414014495c05c3d6a51a11) Importer(815301076,1909f56bfc062723c751e8b465ee728b)
Start importing Assets/BNG Framework/Prefabs/Lever.prefab using Guid(ef468726c1414014495c05c3d6a51a11) Importer(815301076,1909f56bfc062723c751e8b465ee728b)  -> (artifact id: '18d62a3f321a00f6c549df9a1ae380e1') in 0.034117 seconds 
========================================================================
Received Import Request.
  Time since last request: 0.000030 seconds.
  path: Assets/BNG Framework/Prefabs/HandJet.prefab
  artifactKey: Guid(0f9df8d02c9bafe49a092afcdf1f5074) Importer(815301076,1909f56bfc062723c751e8b465ee728b)
Start importing Assets/BNG Framework/Prefabs/HandJet.prefab using Guid(0f9df8d02c9bafe49a092afcdf1f5074) Importer(815301076,1909f56bfc062723c751e8b465ee728b)  -> (artifact id: '446c4d2f75d3ae6db0a492ad89d7c2a4') in 0.027742 seconds 
========================================================================
Received Import Request.
  Time since last request: 0.000036 seconds.
  path: Assets/BNG Framework/Prefabs/UIExample.prefab
  artifactKey: Guid(e4819389334c4504290937beeb9cd43b) Importer(815301076,1909f56bfc062723c751e8b465ee728b)
Start importing Assets/BNG Framework/Prefabs/UIExample.prefab using Guid(e4819389334c4504290937beeb9cd43b) Importer(815301076,1909f56bfc062723c751e8b465ee728b)  -> (artifact id: '4f0f2e680e633961756f38dd9fc2e678') in 0.023964 seconds 
========================================================================
Received Import Request.
  Time since last request: 0.000036 seconds.
  path: Assets/BNG Framework/Prefabs/JoystickVehicleControl.prefab
  artifactKey: Guid(bab352ace9d991441b7bd020a9ad5bfb) Importer(815301076,1909f56bfc062723c751e8b465ee728b)
Start importing Assets/BNG Framework/Prefabs/JoystickVehicleControl.prefab using Guid(bab352ace9d991441b7bd020a9ad5bfb) Importer(815301076,1909f56bfc062723c751e8b465ee728b)  -> (artifact id: 'd44b18b6db4cd9c51e8fe0471a6e9136') in 0.033743 seconds 
========================================================================
Received Import Request.
  Time since last request: 0.000034 seconds.
  path: Assets/BNG Framework/Prefabs/ToolTip.prefab
  artifactKey: Guid(6c93b07b2d8f6124cbdcd7226e313a56) Importer(815301076,1909f56bfc062723c751e8b465ee728b)
Start importing Assets/BNG Framework/Prefabs/ToolTip.prefab using Guid(6c93b07b2d8f6124cbdcd7226e313a56) Importer(815301076,1909f56bfc062723c751e8b465ee728b)  -> (artifact id: '71782747bf781ddfb8e6d4fab827d0dc') in 0.024347 seconds 
========================================================================
Received Import Request.
  Time since last request: 0.000031 seconds.
  path: Assets/BNG Framework/Prefabs/Vehicle With Player.prefab
  artifactKey: Guid(c9f133ecc885890458e03180bc40dec4) Importer(815301076,1909f56bfc062723c751e8b465ee728b)
Start importing Assets/BNG Framework/Prefabs/Vehicle With Player.prefab using Guid(c9f133ecc885890458e03180bc40dec4) Importer(815301076,1909f56bfc062723c751e8b465ee728b)  -> (artifact id: '9c279fe455ea6f98eff5be4760072d39') in 0.090253 seconds 
Editor requested this worker to shutdown with reason: Scaling down because of idle timeout
AssetImportWorker is now disconnected from the server
Process exiting
Exiting without the bug reporter. Application will terminate with return code 0